#
# There is insufficient memory for the Java Runtime Environment to continue.
# Native memory allocation (mmap) failed to map 65011712 bytes. Error detail: G1 virtual space
# Possible reasons:
#   The system is out of physical RAM or swap space
#   This process is running with CompressedOops enabled, and the Java Heap may be blocking the growth of the native heap
# Possible solutions:
#   Reduce memory load on the system
#   Increase physical memory or swap space
#   Check if swap backing store is full
#   Decrease Java heap size (-Xmx/-Xms)
#   Decrease number of Java threads
#   Decrease Java thread stack sizes (-Xss)
#   Set larger code cache with -XX:ReservedCodeCacheSize=
#   JVM is running with Unscaled Compressed Oops mode in which the Java heap is
#     placed in the first 4GB address space. The Java Heap base address is the
#     maximum limit for the native heap growth. Please use -XX:HeapBaseMinAddress
#     to set the Java Heap base and to place the Java Heap above 4GB virtual address.
# This output file may be truncated or incomplete.
#
#  Out of Memory Error (os_windows.cpp:3614), pid=15692, tid=9064
#
# JRE version: OpenJDK Runtime Environment OpenLogic-OpenJDK (17.0.13+11) (build 17.0.13+11-adhoc..jdk17u)
# Java VM: OpenJDK 64-Bit Server VM OpenLogic-OpenJDK (17.0.13+11-adhoc..jdk17u, mixed mode, sharing, tiered, compressed oops, compressed class ptrs, g1 gc, windows-amd64)
# No core dump will be written. Minidumps are not enabled by default on client versions of Windows
#

---------------  S U M M A R Y ------------

Command Line: --add-opens=java.base/java.lang=ALL-UNNAMED --add-opens=java.base/java.lang.invoke=ALL-UNNAMED --add-opens=java.base/java.util=ALL-UNNAMED --add-opens=java.prefs/java.util.prefs=ALL-UNNAMED --add-exports=jdk.compiler/com.sun.tools.javac.api=ALL-UNNAMED --add-exports=jdk.compiler/com.sun.tools.javac.util=ALL-UNNAMED --add-opens=java.base/java.util=ALL-UNNAMED --add-opens=java.prefs/java.util.prefs=ALL-UNNAMED --add-opens=java.base/java.nio.charset=ALL-UNNAMED --add-opens=java.base/java.net=ALL-UNNAMED --add-opens=java.base/java.util.concurrent.atomic=ALL-UNNAMED --add-opens=java.xml/javax.xml.namespace=ALL-UNNAMED -XX:MaxMetaspaceSize=512m -Xmx2048m -Dfile.encoding=windows-1252 -Duser.country=IN -Duser.language=en -Duser.variant -javaagent:C:\Users\jayku\.gradle\wrapper\dists\gradle-8.13-bin\5xuhj0ry160q40clulazy9h7d\gradle-8.13\lib\agents\gradle-instrumentation-agent-8.13.jar org.gradle.launcher.daemon.bootstrap.GradleDaemon 8.13

Host: Intel(R) Core(TM) i5-6200U CPU @ 2.30GHz, 4 cores, 7G,  Windows 10 , 64 bit Build 19041 (10.0.19041.5915)
Time: Fri Aug  1 19:48:39 2025 India Standard Time elapsed time: 162.927257 seconds (0d 0h 2m 42s)

---------------  T H R E A D  ---------------

Current thread (0x000002ef4e0bf580):  VMThread "VM Thread" [stack: 0x000000fce8c00000,0x000000fce8d00000] [id=9064]

Stack: [0x000000fce8c00000,0x000000fce8d00000]
Native frames: (J=compiled Java code, j=interpreted, Vv=VM code, C=native code)
V  [jvm.dll+0x680c19]
V  [jvm.dll+0x83888a]
V  [jvm.dll+0x83a34e]
V  [jvm.dll+0x83a9b3]
V  [jvm.dll+0x2481af]
V  [jvm.dll+0x67d959]
V  [jvm.dll+0x67242a]
V  [jvm.dll+0x30813b]
V  [jvm.dll+0x30f626]
V  [jvm.dll+0x35f94e]
V  [jvm.dll+0x35fb8f]
V  [jvm.dll+0x2df0ec]
V  [jvm.dll+0x2e2166]
V  [jvm.dll+0x2ec50a]
V  [jvm.dll+0x3205a6]
V  [jvm.dll+0x83eead]
V  [jvm.dll+0x83fbf2]
V  [jvm.dll+0x84011f]
V  [jvm.dll+0x840504]
V  [jvm.dll+0x8405d0]
V  [jvm.dll+0x7e7b2c]
V  [jvm.dll+0x67fae7]
C  [ucrtbase.dll+0x21bb2]
C  [KERNEL32.DLL+0x17374]
C  [ntdll.dll+0x4cc91]

VM_Operation (0x000000fce88ffaa0): G1PauseRemark, mode: safepoint, requested by thread 0x000002ef2f1c3bc0


---------------  P R O C E S S  ---------------

Threads class SMR info:
_java_thread_list=0x000002ef7180a170, length=102, elements={
0x000002ef2f156a90, 0x000002ef4e0c7120, 0x000002ef4e0c8d60, 0x000002ef4e0e22b0,
0x000002ef4e0e4b90, 0x000002ef4e0e5c00, 0x000002ef4e0e6c70, 0x000002ef4e0ead70,
0x000002ef4e0ee5d0, 0x000002ef4e0f2640, 0x000002ef4e2ed6d0, 0x000002ef4e3f3f50,
0x000002ef6e9b0890, 0x000002ef4ea38070, 0x000002ef6f2fb6a0, 0x000002ef4e919850,
0x000002ef4e818080, 0x000002ef4ea7d550, 0x000002ef4ea7a7c0, 0x000002ef4ea7cb30,
0x000002ef4ea7c620, 0x000002ef4ea7c110, 0x000002ef4ea7df70, 0x000002ef6ec56110,
0x000002ef6ec5b210, 0x000002ef6ec5c140, 0x000002ef6ec5d070, 0x000002ef6ec5d580,
0x000002ef6ec57550, 0x000002ef6ec5c650, 0x000002ef6ec5ad00, 0x000002ef6ec5da90,
0x000002ef6ec57f70, 0x000002ef70671e90, 0x000002ef70672dc0, 0x000002ef70670f60,
0x000002ef706732d0, 0x000002ef706728b0, 0x000002ef70671470, 0x000002ef706737e0,
0x000002ef70670030, 0x000002ef70670540, 0x000002ef4ea7bc00, 0x000002ef4ea7acd0,
0x000002ef71050d60, 0x000002ef71051270, 0x000002ef7104d5b0, 0x000002ef71052bc0,
0x000002ef710521a0, 0x000002ef71051780, 0x000002ef7104dfd0, 0x000002ef7104d0a0,
0x000002ef71051c90, 0x000002ef710526b0, 0x000002ef7104cb90, 0x000002ef7104c680,
0x000002ef7104e9f0, 0x000002ef710535e0, 0x000002ef7104c170, 0x000002ef7104ef00,
0x000002ef71053af0, 0x000002ef7104f920, 0x000002ef71050850, 0x000002ef7266e4d0,
0x000002ef7266c160, 0x000002ef7266dab0, 0x000002ef7266d5a0, 0x000002ef7266dfc0,
0x000002ef7266b740, 0x000002ef7266c670, 0x000002ef7266d090, 0x000002ef70806050,
0x000002ef708079a0, 0x000002ef708083c0, 0x000002ef70804c10, 0x000002ef70805b40,
0x000002ef70806f80, 0x000002ef70805120, 0x000002ef70807eb0, 0x000002ef7080a730,
0x000002ef708088d0, 0x000002ef70808de0, 0x000002ef708092f0, 0x000002ef708032c0,
0x000002ef70806560, 0x000002ef70806a70, 0x000002ef70805630, 0x000002ef70803ce0,
0x000002ef4ea7d040, 0x000002ef72ab28b0, 0x000002ef72ab6f90, 0x000002ef72ab1e90,
0x000002ef72ab4710, 0x000002ef72ab4c20, 0x000002ef72ab74a0, 0x000002ef72ab5130,
0x000002ef72ab0030, 0x000002ef72ab6060, 0x000002ef72ab0540, 0x000002ef72ab6570,
0x000002ef72ab79b0, 0x000002ef72ab3cf0
}

Java Threads: ( => current thread )
  0x000002ef2f156a90 JavaThread "main" [_thread_blocked, id=3844, stack(0x000000fce8600000,0x000000fce8700000)]
  0x000002ef4e0c7120 JavaThread "Reference Handler" daemon [_thread_blocked, id=7452, stack(0x000000fce8d00000,0x000000fce8e00000)]
  0x000002ef4e0c8d60 JavaThread "Finalizer" daemon [_thread_blocked, id=14156, stack(0x000000fce8e00000,0x000000fce8f00000)]
  0x000002ef4e0e22b0 JavaThread "Signal Dispatcher" daemon [_thread_blocked, id=10792, stack(0x000000fce8f00000,0x000000fce9000000)]
  0x000002ef4e0e4b90 JavaThread "Attach Listener" daemon [_thread_blocked, id=21780, stack(0x000000fce9000000,0x000000fce9100000)]
  0x000002ef4e0e5c00 JavaThread "Service Thread" daemon [_thread_blocked, id=21308, stack(0x000000fce9100000,0x000000fce9200000)]
  0x000002ef4e0e6c70 JavaThread "Monitor Deflation Thread" daemon [_thread_blocked, id=2920, stack(0x000000fce9200000,0x000000fce9300000)]
  0x000002ef4e0ead70 JavaThread "C2 CompilerThread0" daemon [_thread_in_native, id=8836, stack(0x000000fce9300000,0x000000fce9400000)]
  0x000002ef4e0ee5d0 JavaThread "C1 CompilerThread0" daemon [_thread_blocked, id=940, stack(0x000000fce9400000,0x000000fce9500000)]
  0x000002ef4e0f2640 JavaThread "Sweeper thread" daemon [_thread_blocked, id=22484, stack(0x000000fce9500000,0x000000fce9600000)]
  0x000002ef4e2ed6d0 JavaThread "Common-Cleaner" daemon [_thread_blocked, id=13388, stack(0x000000fce9600000,0x000000fce9700000)]
  0x000002ef4e3f3f50 JavaThread "Notification Thread" daemon [_thread_blocked, id=18188, stack(0x000000fce9700000,0x000000fce9800000)]
  0x000002ef6e9b0890 JavaThread "Daemon health stats" [_thread_blocked, id=4180, stack(0x000000fce9b00000,0x000000fce9c00000)]
  0x000002ef4ea38070 JavaThread "Incoming local TCP Connector on port 53099" [_thread_in_native, id=17848, stack(0x000000fce9d00000,0x000000fce9e00000)]
  0x000002ef6f2fb6a0 JavaThread "Daemon periodic checks" [_thread_blocked, id=5272, stack(0x000000fce9e00000,0x000000fce9f00000)]
  0x000002ef4e919850 JavaThread "Daemon" [_thread_blocked, id=1796, stack(0x000000fce9f00000,0x000000fcea000000)]
  0x000002ef4e818080 JavaThread "Handler for socket connection from /127.0.0.1:53099 to /127.0.0.1:53100" [_thread_in_native, id=14416, stack(0x000000fcea000000,0x000000fcea100000)]
  0x000002ef4ea7d550 JavaThread "Cancel handler" [_thread_blocked, id=22108, stack(0x000000fcea100000,0x000000fcea200000)]
  0x000002ef4ea7a7c0 JavaThread "Daemon worker" [_thread_blocked, id=3384, stack(0x000000fcea200000,0x000000fcea300000)]
  0x000002ef4ea7cb30 JavaThread "Asynchronous log dispatcher for DefaultDaemonConnection: socket connection from /127.0.0.1:53099 to /127.0.0.1:53100" [_thread_blocked, id=17832, stack(0x000000fcea300000,0x000000fcea400000)]
  0x000002ef4ea7c620 JavaThread "Stdin handler" [_thread_blocked, id=1144, stack(0x000000fcea400000,0x000000fcea500000)]
  0x000002ef4ea7c110 JavaThread "Daemon client event forwarder" [_thread_blocked, id=21180, stack(0x000000fcea500000,0x000000fcea600000)]
  0x000002ef4ea7df70 JavaThread "Cache worker for journal cache (C:\Users\jayku\.gradle\caches\journal-1)" [_thread_blocked, id=18232, stack(0x000000fcea600000,0x000000fcea700000)]
  0x000002ef6ec56110 JavaThread "File lock request listener" [_thread_in_native, id=17692, stack(0x000000fcea700000,0x000000fcea800000)]
  0x000002ef6ec5b210 JavaThread "Cache worker for file hash cache (C:\Users\jayku\.gradle\caches\8.13\fileHashes)" [_thread_blocked, id=11536, stack(0x000000fcea900000,0x000000fceaa00000)]
  0x000002ef6ec5c140 JavaThread "Cache worker for file hash cache (F:\androidProject\current-news\android\.gradle\8.13\fileHashes)" [_thread_blocked, id=21160, stack(0x000000fcea800000,0x000000fcea900000)]
  0x000002ef6ec5d070 JavaThread "Cache worker for Build Output Cleanup Cache (F:\androidProject\current-news\android\.gradle\buildOutputCleanup)" [_thread_blocked, id=17540, stack(0x000000fceaa00000,0x000000fceab00000)]
  0x000002ef6ec5d580 JavaThread "File watcher server" daemon [_thread_in_native, id=12440, stack(0x000000fceab00000,0x000000fceac00000)]
  0x000002ef6ec57550 JavaThread "File watcher consumer" daemon [_thread_blocked, id=14980, stack(0x000000fceac00000,0x000000fcead00000)]
  0x000002ef6ec5c650 JavaThread "File lock release action executor" [_thread_blocked, id=20772, stack(0x000000fcead00000,0x000000fceae00000)]
  0x000002ef6ec5ad00 JavaThread "jar transforms" [_thread_blocked, id=15784, stack(0x000000fceb100000,0x000000fceb200000)]
  0x000002ef6ec5da90 JavaThread "Cache worker for checksums cache (F:\androidProject\current-news\android\.gradle\8.13\checksums)" [_thread_blocked, id=8012, stack(0x000000fceb000000,0x000000fceb100000)]
  0x000002ef6ec57f70 JavaThread "Cache worker for file content cache (C:\Users\jayku\.gradle\caches\8.13\fileContent)" [_thread_blocked, id=12676, stack(0x000000fceb200000,0x000000fceb300000)]
  0x000002ef70671e90 JavaThread "Cache worker for cache directory md-supplier (C:\Users\jayku\.gradle\caches\8.13\md-supplier)" [_thread_blocked, id=12848, stack(0x000000fceb300000,0x000000fceb400000)]
  0x000002ef70672dc0 JavaThread "Cache worker for cache directory md-rule (C:\Users\jayku\.gradle\caches\8.13\md-rule)" [_thread_blocked, id=20256, stack(0x000000fceb700000,0x000000fceb800000)]
  0x000002ef70670f60 JavaThread "Cache worker for Build Output Cleanup Cache (F:\androidProject\current-news\node_modules\@react-native\gradle-plugin\.gradle\buildOutputCleanup)" [_thread_blocked, id=8540, stack(0x000000fceb800000,0x000000fceb900000)]
  0x000002ef706732d0 JavaThread "Unconstrained build operations" [_thread_blocked, id=11580, stack(0x000000fceb900000,0x000000fceba00000)]
  0x000002ef706728b0 JavaThread "Unconstrained build operations Thread 2" [_thread_blocked, id=19216, stack(0x000000fceba00000,0x000000fcebb00000)]
  0x000002ef70671470 JavaThread "Unconstrained build operations Thread 3" [_thread_blocked, id=19628, stack(0x000000fcebc00000,0x000000fcebd00000)]
  0x000002ef706737e0 JavaThread "Unconstrained build operations Thread 4" [_thread_blocked, id=18592, stack(0x000000fcebd00000,0x000000fcebe00000)]
  0x000002ef70670030 JavaThread "Unconstrained build operations Thread 5" [_thread_blocked, id=19956, stack(0x000000fcebe00000,0x000000fcebf00000)]
  0x000002ef70670540 JavaThread "Unconstrained build operations Thread 6" [_thread_blocked, id=21536, stack(0x000000fcebf00000,0x000000fcec000000)]
  0x000002ef4ea7bc00 JavaThread "Cache worker for Build Output Cleanup Cache (F:\androidProject\current-news\node_modules\expo-modules-autolinking\android\expo-gradle-plugin\.gradle\buildOutputCleanup)" [_thread_blocked, id=10060, stack(0x000000fcebb00000,0x000000fcebc00000)]
  0x000002ef4ea7acd0 JavaThread "Unconstrained build operations Thread 7" [_thread_blocked, id=11484, stack(0x000000fcec100000,0x000000fcec200000)]
  0x000002ef71050d60 JavaThread "Unconstrained build operations Thread 8" [_thread_blocked, id=21016, stack(0x000000fcec200000,0x000000fcec300000)]
  0x000002ef71051270 JavaThread "Unconstrained build operations Thread 9" [_thread_blocked, id=22212, stack(0x000000fcec300000,0x000000fcec400000)]
  0x000002ef7104d5b0 JavaThread "Unconstrained build operations Thread 10" [_thread_blocked, id=7920, stack(0x000000fcec400000,0x000000fcec500000)]
  0x000002ef71052bc0 JavaThread "Unconstrained build operations Thread 11" [_thread_blocked, id=19712, stack(0x000000fcec500000,0x000000fcec600000)]
  0x000002ef710521a0 JavaThread "Unconstrained build operations Thread 12" [_thread_blocked, id=10604, stack(0x000000fcec600000,0x000000fcec700000)]
  0x000002ef71051780 JavaThread "Unconstrained build operations Thread 13" [_thread_blocked, id=18268, stack(0x000000fcec700000,0x000000fcec800000)]
  0x000002ef7104dfd0 JavaThread "Unconstrained build operations Thread 14" [_thread_blocked, id=13912, stack(0x000000fcec800000,0x000000fcec900000)]
  0x000002ef7104d0a0 JavaThread "Unconstrained build operations Thread 15" [_thread_blocked, id=2668, stack(0x000000fcec900000,0x000000fceca00000)]
  0x000002ef71051c90 JavaThread "build event listener" [_thread_blocked, id=12432, stack(0x000000fce8400000,0x000000fce8500000)]
  0x000002ef710526b0 JavaThread "Memory manager" [_thread_blocked, id=20500, stack(0x000000fcec000000,0x000000fcec100000)]
  0x000002ef7104cb90 JavaThread "Unconstrained build operations Thread 16" [_thread_blocked, id=364, stack(0x000000fcecc00000,0x000000fcecd00000)]
  0x000002ef7104c680 JavaThread "Unconstrained build operations Thread 17" [_thread_blocked, id=15964, stack(0x000000fcecd00000,0x000000fcece00000)]
  0x000002ef7104e9f0 JavaThread "Unconstrained build operations Thread 18" [_thread_blocked, id=18456, stack(0x000000fcece00000,0x000000fcecf00000)]
  0x000002ef710535e0 JavaThread "Unconstrained build operations Thread 19" [_thread_blocked, id=15512, stack(0x000000fcecf00000,0x000000fced000000)]
  0x000002ef7104c170 JavaThread "Unconstrained build operations Thread 20" [_thread_blocked, id=18092, stack(0x000000fced000000,0x000000fced100000)]
  0x000002ef7104ef00 JavaThread "Unconstrained build operations Thread 21" [_thread_blocked, id=372, stack(0x000000fced100000,0x000000fced200000)]
  0x000002ef71053af0 JavaThread "Unconstrained build operations Thread 22" [_thread_blocked, id=11688, stack(0x000000fced200000,0x000000fced300000)]
  0x000002ef7104f920 JavaThread "Unconstrained build operations Thread 23" [_thread_blocked, id=18792, stack(0x000000fced300000,0x000000fced400000)]
  0x000002ef71050850 JavaThread "Unconstrained build operations Thread 24" [_thread_blocked, id=18812, stack(0x000000fced400000,0x000000fced500000)]
  0x000002ef7266e4d0 JavaThread "build event listener" [_thread_blocked, id=1156, stack(0x000000fced500000,0x000000fced600000)]
  0x000002ef7266c160 JavaThread "Unconstrained build operations Thread 25" [_thread_blocked, id=2096, stack(0x000000fced600000,0x000000fced700000)]
  0x000002ef7266dab0 JavaThread "Unconstrained build operations Thread 26" [_thread_blocked, id=19340, stack(0x000000fced700000,0x000000fced800000)]
  0x000002ef7266d5a0 JavaThread "Unconstrained build operations Thread 27" [_thread_blocked, id=19076, stack(0x000000fced800000,0x000000fced900000)]
  0x000002ef7266dfc0 JavaThread "Unconstrained build operations Thread 28" [_thread_blocked, id=21876, stack(0x000000fced900000,0x000000fceda00000)]
  0x000002ef7266b740 JavaThread "Unconstrained build operations Thread 29" [_thread_blocked, id=21296, stack(0x000000fceda00000,0x000000fcedb00000)]
  0x000002ef7266c670 JavaThread "Unconstrained build operations Thread 30" [_thread_blocked, id=18836, stack(0x000000fcedb00000,0x000000fcedc00000)]
  0x000002ef7266d090 JavaThread "Unconstrained build operations Thread 31" [_thread_blocked, id=17720, stack(0x000000fcedc00000,0x000000fcedd00000)]
  0x000002ef70806050 JavaThread "ForkJoinPool.commonPool-worker-1" daemon [_thread_blocked, id=1176, stack(0x000000fcedd00000,0x000000fcede00000)]
  0x000002ef708079a0 JavaThread "ForkJoinPool.commonPool-worker-2" daemon [_thread_blocked, id=7896, stack(0x000000fcede00000,0x000000fcedf00000)]
  0x000002ef708083c0 JavaThread "Execution worker" [_thread_blocked, id=3608, stack(0x000000fcee500000,0x000000fcee600000)]
  0x000002ef70804c10 JavaThread "Execution worker Thread 2" [_thread_blocked, id=17652, stack(0x000000fcee600000,0x000000fcee700000)]
  0x000002ef70805b40 JavaThread "Execution worker Thread 3" [_thread_blocked, id=8872, stack(0x000000fcee700000,0x000000fcee800000)]
  0x000002ef70806f80 JavaThread "Cache worker for execution history cache (F:\androidProject\current-news\node_modules\expo-modules-autolinking\android\expo-gradle-plugin\.gradle\8.13\executionHistory)" [_thread_blocked, id=13880, stack(0x000000fcee800000,0x000000fcee900000)]
  0x000002ef70805120 JavaThread "Cache worker for execution history cache (F:\androidProject\current-news\node_modules\@react-native\gradle-plugin\.gradle\8.13\executionHistory)" [_thread_blocked, id=12340, stack(0x000000fcee900000,0x000000fceea00000)]
  0x000002ef70807eb0 JavaThread "Unconstrained build operations Thread 32" [_thread_blocked, id=10664, stack(0x000000fceea00000,0x000000fceeb00000)]
  0x000002ef7080a730 JavaThread "Unconstrained build operations Thread 33" [_thread_blocked, id=9820, stack(0x000000fceeb00000,0x000000fceec00000)]
  0x000002ef708088d0 JavaThread "Unconstrained build operations Thread 34" [_thread_blocked, id=17704, stack(0x000000fceec00000,0x000000fceed00000)]
  0x000002ef70808de0 JavaThread "Unconstrained build operations Thread 35" [_thread_blocked, id=21760, stack(0x000000fceed00000,0x000000fceee00000)]
  0x000002ef708092f0 JavaThread "Unconstrained build operations Thread 36" [_thread_blocked, id=1140, stack(0x000000fceee00000,0x000000fceef00000)]
  0x000002ef708032c0 JavaThread "Unconstrained build operations Thread 37" [_thread_blocked, id=22236, stack(0x000000fceef00000,0x000000fcef000000)]
  0x000002ef70806560 JavaThread "Unconstrained build operations Thread 38" [_thread_blocked, id=19356, stack(0x000000fcef000000,0x000000fcef100000)]
  0x000002ef70806a70 JavaThread "Unconstrained build operations Thread 39" [_thread_blocked, id=9756, stack(0x000000fcef100000,0x000000fcef200000)]
  0x000002ef70805630 JavaThread "Unconstrained build operations Thread 40" [_thread_blocked, id=15328, stack(0x000000fcef200000,0x000000fcef300000)]
  0x000002ef70803ce0 JavaThread "jar transforms Thread 2" [_thread_blocked, id=19012, stack(0x000000fcef300000,0x000000fcef400000)]
  0x000002ef4ea7d040 JavaThread "Cache worker for Build Output Cleanup Cache (F:\androidProject\current-news\node_modules\expo-modules-core\expo-module-gradle-plugin\.gradle\buildOutputCleanup)" [_thread_blocked, id=14020, stack(0x000000fce8300000,0x000000fce8400000)]
  0x000002ef72ab28b0 JavaThread "jar transforms Thread 3" [_thread_blocked, id=15824, stack(0x000000fce8500000,0x000000fce8600000)]
  0x000002ef72ab6f90 JavaThread "included builds Thread 3" [_thread_blocked, id=1848, stack(0x000000fceb400000,0x000000fceb500000)]
  0x000002ef72ab1e90 JavaThread "included builds Thread 4" [_thread_blocked, id=11184, stack(0x000000fceb500000,0x000000fceb600000)]
  0x000002ef72ab4710 JavaThread "included builds Thread 5" [_thread_blocked, id=20024, stack(0x000000fceb600000,0x000000fceb700000)]
  0x000002ef72ab4c20 JavaThread "Cache worker for execution history cache (F:\androidProject\current-news\node_modules\expo-modules-core\expo-module-gradle-plugin\.gradle\8.13\executionHistory)" [_thread_blocked, id=18956, stack(0x000000fcedf00000,0x000000fcee000000)]
  0x000002ef72ab74a0 JavaThread "jar transforms Thread 4" [_thread_blocked, id=1716, stack(0x000000fcee000000,0x000000fcee100000)]
  0x000002ef72ab5130 JavaThread "Exec process Thread 4" [_thread_in_native, id=3108, stack(0x000000fcee100000,0x000000fcee200000)]
  0x000002ef72ab0030 JavaThread "Exec process Thread 5" [_thread_in_native, id=20900, stack(0x000000fcee200000,0x000000fcee300000)]
  0x000002ef72ab6060 JavaThread "Exec process Thread 6" [_thread_in_native, id=21244, stack(0x000000fcee300000,0x000000fcee400000)]
  0x000002ef72ab0540 JavaThread "Problems report writer" [_thread_blocked, id=2100, stack(0x000000fcee400000,0x000000fcee500000)]
  0x000002ef72ab6570 JavaThread "File lock release action executor Thread 2" [_thread_blocked, id=20044, stack(0x000000fceca00000,0x000000fcecb00000)]
  0x000002ef72ab79b0 JavaThread "File lock release action executor Thread 3" [_thread_blocked, id=16796, stack(0x000000fcef400000,0x000000fcef500000)]
  0x000002ef72ab3cf0 JavaThread "build event listener" [_thread_blocked, id=2164, stack(0x000000fcef500000,0x000000fcef600000)]

Other Threads:
=>0x000002ef4e0bf580 VMThread "VM Thread" [stack: 0x000000fce8c00000,0x000000fce8d00000] [id=9064]
  0x000002ef4e3827d0 WatcherThread [stack: 0x000000fce9800000,0x000000fce9900000] [id=3988]
  0x000002ef2f1b2d60 GCTaskThread "GC Thread#0" [stack: 0x000000fce8700000,0x000000fce8800000] [id=9148]
  0x000002ef4e4a5d90 GCTaskThread "GC Thread#1" [stack: 0x000000fce9900000,0x000000fce9a00000] [id=2076]
  0x000002ef4e4654f0 GCTaskThread "GC Thread#2" [stack: 0x000000fce9a00000,0x000000fce9b00000] [id=11044]
  0x000002ef4e791100 GCTaskThread "GC Thread#3" [stack: 0x000000fce9c00000,0x000000fce9d00000] [id=21336]
  0x000002ef2f1c3bc0 ConcurrentGCThread "G1 Main Marker" [stack: 0x000000fce8800000,0x000000fce8900000] [id=16908]
  0x000002ef2f1c44f0 ConcurrentGCThread "G1 Conc#0" [stack: 0x000000fce8900000,0x000000fce8a00000] [id=5876]
  0x000002ef2f208290 ConcurrentGCThread "G1 Refine#0" [stack: 0x000000fce8a00000,0x000000fce8b00000] [id=13516]
  0x000002ef71a206b0 ConcurrentGCThread "G1 Refine#1" [stack: 0x000000fceae00000,0x000000fceaf00000] [id=9448]
  0x000002ef6fa3b5f0 ConcurrentGCThread "G1 Refine#2" [stack: 0x000000fceaf00000,0x000000fceb000000] [id=12316]
  0x000002ef2f208bd0 ConcurrentGCThread "G1 Service" [stack: 0x000000fce8b00000,0x000000fce8c00000] [id=21224]

Threads with active compile tasks:
C2 CompilerThread0   163016 15289       4       java.beans.MethodRef::set (58 bytes)

VM state: at safepoint (normal execution)

VM Mutex/Monitor currently owned by a thread:  ([mutex/lock_event])
[0x000002ef2f1531e0] Threads_lock - owner thread: 0x000002ef4e0bf580
[0x000002ef2f152460] Heap_lock - owner thread: 0x000002ef2f1c3bc0

Heap address: 0x0000000080000000, size: 2048 MB, Compressed Oops mode: 32-bit

CDS archive(s) mapped at: [0x000002ef4f000000-0x000002ef4fbc0000-0x000002ef4fbc0000), size 12320768, SharedBaseAddress: 0x000002ef4f000000, ArchiveRelocationMode: 1.
Compressed class space mapped at: 0x000002ef50000000-0x000002ef6a000000, reserved size: 436207616
Narrow klass base: 0x000002ef4f000000, Narrow klass shift: 0, Narrow klass range: 0x100000000

GC Precious Log:
 CPUs: 4 total, 4 available
 Memory: 8067M
 Large Page Support: Disabled
 NUMA Support: Disabled
 Compressed Oops: Enabled (32-bit)
 Heap Region Size: 1M
 Heap Min Capacity: 8M
 Heap Initial Capacity: 128M
 Heap Max Capacity: 2G
 Pre-touch: Disabled
 Parallel Workers: 4
 Concurrent Workers: 1
 Concurrent Refinement Workers: 4
 Periodic GC: Disabled

Heap:
 garbage-first heap   total 209920K, used 161973K [0x0000000080000000, 0x0000000100000000)
  region size 1024K, 10 young (10240K), 4 survivors (4096K)
 Metaspace       used 111035K, committed 112320K, reserved 557056K
  class space    used 15441K, committed 16064K, reserved 425984K

Heap Regions: E=young(eden), S=young(survivor), O=old, HS=humongous(starts), HC=humongous(continues), CS=collection set, F=free, OA=open archive, CA=closed archive, TAMS=top-at-mark-start (previous, next)
|   0|0x0000000080000000, 0x0000000080100000, 0x0000000080100000|100%|HS|  |TAMS 0x0000000080100000, 0x0000000080000000| Complete 
|   1|0x0000000080100000, 0x0000000080200000, 0x0000000080200000|100%|HC|  |TAMS 0x0000000080200000, 0x0000000080100000| Complete 
|   2|0x0000000080200000, 0x0000000080300000, 0x0000000080300000|100%|HC|  |TAMS 0x0000000080300000, 0x0000000080200000| Complete 
|   3|0x0000000080300000, 0x0000000080400000, 0x0000000080400000|100%| O|  |TAMS 0x0000000080400000, 0x0000000080300000| Untracked 
|   4|0x0000000080400000, 0x0000000080500000, 0x0000000080500000|100%| O|  |TAMS 0x0000000080500000, 0x0000000080400000| Untracked 
|   5|0x0000000080500000, 0x0000000080600000, 0x0000000080600000|100%| O|  |TAMS 0x0000000080600000, 0x0000000080500000| Untracked 
|   6|0x0000000080600000, 0x0000000080700000, 0x0000000080700000|100%| O|  |TAMS 0x0000000080700000, 0x0000000080600000| Untracked 
|   7|0x0000000080700000, 0x0000000080800000, 0x0000000080800000|100%|HS|  |TAMS 0x0000000080800000, 0x0000000080700000| Complete 
|   8|0x0000000080800000, 0x0000000080900000, 0x0000000080900000|100%| O|  |TAMS 0x0000000080900000, 0x0000000080800000| Untracked 
|   9|0x0000000080900000, 0x0000000080a00000, 0x0000000080a00000|100%| O|  |TAMS 0x0000000080a00000, 0x0000000080900000| Untracked 
|  10|0x0000000080a00000, 0x0000000080b00000, 0x0000000080b00000|100%| O|  |TAMS 0x0000000080b00000, 0x0000000080a00000| Untracked 
|  11|0x0000000080b00000, 0x0000000080c00000, 0x0000000080c00000|100%| O|  |TAMS 0x0000000080c00000, 0x0000000080b00000| Updating 
|  12|0x0000000080c00000, 0x0000000080d00000, 0x0000000080d00000|100%| O|  |TAMS 0x0000000080d00000, 0x0000000080c00000| Untracked 
|  13|0x0000000080d00000, 0x0000000080e00000, 0x0000000080e00000|100%| O|  |TAMS 0x0000000080e00000, 0x0000000080d00000| Untracked 
|  14|0x0000000080e00000, 0x0000000080f00000, 0x0000000080f00000|100%| O|  |TAMS 0x0000000080f00000, 0x0000000080e00000| Untracked 
|  15|0x0000000080f00000, 0x0000000080ff9a00, 0x0000000081000000| 97%| O|  |TAMS 0x0000000080ff9a00, 0x0000000080f00000| Untracked 
|  16|0x0000000081000000, 0x0000000081100000, 0x0000000081100000|100%| O|  |TAMS 0x0000000081100000, 0x0000000081000000| Untracked 
|  17|0x0000000081100000, 0x0000000081200000, 0x0000000081200000|100%| O|  |TAMS 0x0000000081200000, 0x0000000081100000| Untracked 
|  18|0x0000000081200000, 0x0000000081300000, 0x0000000081300000|100%| O|  |TAMS 0x0000000081300000, 0x0000000081200000| Untracked 
|  19|0x0000000081300000, 0x0000000081400000, 0x0000000081400000|100%| O|  |TAMS 0x0000000081400000, 0x0000000081300000| Untracked 
|  20|0x0000000081400000, 0x0000000081500000, 0x0000000081500000|100%| O|  |TAMS 0x0000000081500000, 0x0000000081400000| Untracked 
|  21|0x0000000081500000, 0x0000000081600000, 0x0000000081600000|100%| O|  |TAMS 0x0000000081600000, 0x0000000081500000| Untracked 
|  22|0x0000000081600000, 0x0000000081700000, 0x0000000081700000|100%| O|  |TAMS 0x0000000081700000, 0x0000000081600000| Untracked 
|  23|0x0000000081700000, 0x0000000081800000, 0x0000000081800000|100%| O|  |TAMS 0x0000000081800000, 0x0000000081700000| Untracked 
|  24|0x0000000081800000, 0x0000000081900000, 0x0000000081900000|100%| O|  |TAMS 0x0000000081900000, 0x0000000081800000| Untracked 
|  25|0x0000000081900000, 0x0000000081a00000, 0x0000000081a00000|100%| O|  |TAMS 0x0000000081a00000, 0x0000000081900000| Untracked 
|  26|0x0000000081a00000, 0x0000000081b00000, 0x0000000081b00000|100%| O|  |TAMS 0x0000000081b00000, 0x0000000081a00000| Updating 
|  27|0x0000000081b00000, 0x0000000081c00000, 0x0000000081c00000|100%| O|  |TAMS 0x0000000081c00000, 0x0000000081b00000| Updating 
|  28|0x0000000081c00000, 0x0000000081d00000, 0x0000000081d00000|100%| O|  |TAMS 0x0000000081d00000, 0x0000000081c00000| Untracked 
|  29|0x0000000081d00000, 0x0000000081e00000, 0x0000000081e00000|100%| O|  |TAMS 0x0000000081e00000, 0x0000000081d00000| Untracked 
|  30|0x0000000081e00000, 0x0000000081f00000, 0x0000000081f00000|100%| O|  |TAMS 0x0000000081f00000, 0x0000000081e00000| Updating 
|  31|0x0000000081f00000, 0x0000000082000000, 0x0000000082000000|100%| O|  |TAMS 0x0000000082000000, 0x0000000081f00000| Untracked 
|  32|0x0000000082000000, 0x0000000082100000, 0x0000000082100000|100%| O|  |TAMS 0x0000000082100000, 0x0000000082000000| Untracked 
|  33|0x0000000082100000, 0x0000000082200000, 0x0000000082200000|100%| O|  |TAMS 0x0000000082200000, 0x0000000082100000| Untracked 
|  34|0x0000000082200000, 0x0000000082300000, 0x0000000082300000|100%| O|  |TAMS 0x0000000082300000, 0x0000000082200000| Untracked 
|  35|0x0000000082300000, 0x0000000082400000, 0x0000000082400000|100%| O|  |TAMS 0x0000000082400000, 0x0000000082300000| Updating 
|  36|0x0000000082400000, 0x0000000082500000, 0x0000000082500000|100%| O|  |TAMS 0x0000000082500000, 0x0000000082400000| Untracked 
|  37|0x0000000082500000, 0x0000000082600000, 0x0000000082600000|100%| O|  |TAMS 0x0000000082600000, 0x0000000082500000| Updating 
|  38|0x0000000082600000, 0x0000000082700000, 0x0000000082700000|100%| O|  |TAMS 0x0000000082700000, 0x0000000082600000| Untracked 
|  39|0x0000000082700000, 0x0000000082800000, 0x0000000082800000|100%| O|  |TAMS 0x0000000082800000, 0x0000000082700000| Updating 
|  40|0x0000000082800000, 0x0000000082900000, 0x0000000082900000|100%|HS|  |TAMS 0x0000000082900000, 0x0000000082800000| Complete 
|  41|0x0000000082900000, 0x0000000082a00000, 0x0000000082a00000|100%| O|  |TAMS 0x0000000082a00000, 0x0000000082900000| Untracked 
|  42|0x0000000082a00000, 0x0000000082b00000, 0x0000000082b00000|100%|HS|  |TAMS 0x0000000082b00000, 0x0000000082a00000| Complete 
|  43|0x0000000082b00000, 0x0000000082c00000, 0x0000000082c00000|100%|HC|  |TAMS 0x0000000082c00000, 0x0000000082b00000| Complete 
|  44|0x0000000082c00000, 0x0000000082d00000, 0x0000000082d00000|100%|HS|  |TAMS 0x0000000082d00000, 0x0000000082c00000| Complete 
|  45|0x0000000082d00000, 0x0000000082e00000, 0x0000000082e00000|100%|HC|  |TAMS 0x0000000082e00000, 0x0000000082d00000| Complete 
|  46|0x0000000082e00000, 0x0000000082f00000, 0x0000000082f00000|100%|HC|  |TAMS 0x0000000082f00000, 0x0000000082e00000| Complete 
|  47|0x0000000082f00000, 0x0000000083000000, 0x0000000083000000|100%|HS|  |TAMS 0x0000000083000000, 0x0000000082f00000| Complete 
|  48|0x0000000083000000, 0x0000000083100000, 0x0000000083100000|100%| O|  |TAMS 0x0000000083100000, 0x0000000083000000| Untracked 
|  49|0x0000000083100000, 0x0000000083200000, 0x0000000083200000|100%| O|  |TAMS 0x0000000083200000, 0x0000000083100000| Untracked 
|  50|0x0000000083200000, 0x0000000083300000, 0x0000000083300000|100%| O|  |TAMS 0x0000000083300000, 0x0000000083200000| Updating 
|  51|0x0000000083300000, 0x0000000083400000, 0x0000000083400000|100%|HS|  |TAMS 0x0000000083400000, 0x0000000083300000| Complete 
|  52|0x0000000083400000, 0x0000000083500000, 0x0000000083500000|100%|HC|  |TAMS 0x0000000083500000, 0x0000000083400000| Complete 
|  53|0x0000000083500000, 0x0000000083600000, 0x0000000083600000|100%| O|  |TAMS 0x0000000083600000, 0x0000000083500000| Updating 
|  54|0x0000000083600000, 0x0000000083700000, 0x0000000083700000|100%| O|  |TAMS 0x0000000083700000, 0x0000000083600000| Untracked 
|  55|0x0000000083700000, 0x0000000083800000, 0x0000000083800000|100%| O|  |TAMS 0x0000000083800000, 0x0000000083700000| Untracked 
|  56|0x0000000083800000, 0x0000000083900000, 0x0000000083900000|100%|HS|  |TAMS 0x0000000083900000, 0x0000000083800000| Complete 
|  57|0x0000000083900000, 0x0000000083a00000, 0x0000000083a00000|100%|HC|  |TAMS 0x0000000083a00000, 0x0000000083900000| Complete 
|  58|0x0000000083a00000, 0x0000000083b00000, 0x0000000083b00000|100%|HC|  |TAMS 0x0000000083b00000, 0x0000000083a00000| Complete 
|  59|0x0000000083b00000, 0x0000000083c00000, 0x0000000083c00000|100%| O|  |TAMS 0x0000000083c00000, 0x0000000083b00000| Untracked 
|  60|0x0000000083c00000, 0x0000000083d00000, 0x0000000083d00000|100%| O|  |TAMS 0x0000000083d00000, 0x0000000083c00000| Untracked 
|  61|0x0000000083d00000, 0x0000000083e00000, 0x0000000083e00000|100%| O|  |TAMS 0x0000000083e00000, 0x0000000083d00000| Updating 
|  62|0x0000000083e00000, 0x0000000083f00000, 0x0000000083f00000|100%|HS|  |TAMS 0x0000000083f00000, 0x0000000083e00000| Complete 
|  63|0x0000000083f00000, 0x0000000083f00000, 0x0000000084000000|  0%| F|  |TAMS 0x0000000083f00000, 0x0000000083f00000| Untracked 
|  64|0x0000000084000000, 0x0000000084100000, 0x0000000084100000|100%| O|  |TAMS 0x0000000084100000, 0x0000000084000000| Updating 
|  65|0x0000000084100000, 0x0000000084200000, 0x0000000084200000|100%|HS|  |TAMS 0x0000000084200000, 0x0000000084100000| Complete 
|  66|0x0000000084200000, 0x0000000084300000, 0x0000000084300000|100%|HC|  |TAMS 0x0000000084300000, 0x0000000084200000| Complete 
|  67|0x0000000084300000, 0x0000000084400000, 0x0000000084400000|100%|HS|  |TAMS 0x0000000084400000, 0x0000000084300000| Complete 
|  68|0x0000000084400000, 0x0000000084500000, 0x0000000084500000|100%|HC|  |TAMS 0x0000000084500000, 0x0000000084400000| Complete 
|  69|0x0000000084500000, 0x0000000084600000, 0x0000000084600000|100%|HS|  |TAMS 0x0000000084600000, 0x0000000084500000| Complete 
|  70|0x0000000084600000, 0x0000000084700000, 0x0000000084700000|100%|HC|  |TAMS 0x0000000084700000, 0x0000000084600000| Complete 
|  71|0x0000000084700000, 0x0000000084800000, 0x0000000084800000|100%|HC|  |TAMS 0x0000000084800000, 0x0000000084700000| Complete 
|  72|0x0000000084800000, 0x0000000084900000, 0x0000000084900000|100%|HC|  |TAMS 0x0000000084900000, 0x0000000084800000| Complete 
|  73|0x0000000084900000, 0x0000000084a00000, 0x0000000084a00000|100%|HS|  |TAMS 0x0000000084a00000, 0x0000000084900000| Complete 
|  74|0x0000000084a00000, 0x0000000084b00000, 0x0000000084b00000|100%|HC|  |TAMS 0x0000000084b00000, 0x0000000084a00000| Complete 
|  75|0x0000000084b00000, 0x0000000084c00000, 0x0000000084c00000|100%|HC|  |TAMS 0x0000000084c00000, 0x0000000084b00000| Complete 
|  76|0x0000000084c00000, 0x0000000084d00000, 0x0000000084d00000|100%|HC|  |TAMS 0x0000000084d00000, 0x0000000084c00000| Complete 
|  77|0x0000000084d00000, 0x0000000084e00000, 0x0000000084e00000|100%| O|  |TAMS 0x0000000084e00000, 0x0000000084d00000| Updating 
|  78|0x0000000084e00000, 0x0000000084f00000, 0x0000000084f00000|100%| O|  |TAMS 0x0000000084f00000, 0x0000000084e00000| Untracked 
|  79|0x0000000084f00000, 0x0000000085000000, 0x0000000085000000|100%| O|  |TAMS 0x0000000085000000, 0x0000000084f00000| Untracked 
|  80|0x0000000085000000, 0x0000000085100000, 0x0000000085100000|100%| O|  |TAMS 0x0000000085100000, 0x0000000085000000| Updating 
|  81|0x0000000085100000, 0x0000000085200000, 0x0000000085200000|100%| O|  |TAMS 0x0000000085200000, 0x0000000085100000| Untracked 
|  82|0x0000000085200000, 0x0000000085300000, 0x0000000085300000|100%| O|  |TAMS 0x0000000085300000, 0x0000000085200000| Untracked 
|  83|0x0000000085300000, 0x0000000085400000, 0x0000000085400000|100%| O|  |TAMS 0x0000000085400000, 0x0000000085300000| Untracked 
|  84|0x0000000085400000, 0x0000000085500000, 0x0000000085500000|100%| O|  |TAMS 0x0000000085500000, 0x0000000085400000| Updating 
|  85|0x0000000085500000, 0x0000000085600000, 0x0000000085600000|100%| O|  |TAMS 0x0000000085600000, 0x0000000085500000| Updating 
|  86|0x0000000085600000, 0x0000000085700000, 0x0000000085700000|100%| O|  |TAMS 0x0000000085700000, 0x0000000085600000| Untracked 
|  87|0x0000000085700000, 0x0000000085800000, 0x0000000085800000|100%| O|  |TAMS 0x0000000085800000, 0x0000000085700000| Untracked 
|  88|0x0000000085800000, 0x0000000085900000, 0x0000000085900000|100%| O|  |TAMS 0x0000000085900000, 0x0000000085800000| Untracked 
|  89|0x0000000085900000, 0x0000000085a00000, 0x0000000085a00000|100%| O|  |TAMS 0x0000000085a00000, 0x0000000085900000| Updating 
|  90|0x0000000085a00000, 0x0000000085b00000, 0x0000000085b00000|100%| O|  |TAMS 0x0000000085b00000, 0x0000000085a00000| Updating 
|  91|0x0000000085b00000, 0x0000000085c00000, 0x0000000085c00000|100%| O|  |TAMS 0x0000000085c00000, 0x0000000085b00000| Updating 
|  92|0x0000000085c00000, 0x0000000085d00000, 0x0000000085d00000|100%| O|  |TAMS 0x0000000085d00000, 0x0000000085c00000| Updating 
|  93|0x0000000085d00000, 0x0000000085e00000, 0x0000000085e00000|100%| O|  |TAMS 0x0000000085e00000, 0x0000000085d00000| Updating 
|  94|0x0000000085e00000, 0x0000000085f00000, 0x0000000085f00000|100%| O|  |TAMS 0x0000000085f00000, 0x0000000085e00000| Updating 
|  95|0x0000000085f00000, 0x0000000086000000, 0x0000000086000000|100%| O|  |TAMS 0x0000000086000000, 0x0000000085f00000| Untracked 
|  96|0x0000000086000000, 0x0000000086100000, 0x0000000086100000|100%| O|  |TAMS 0x0000000086100000, 0x0000000086000000| Updating 
|  97|0x0000000086100000, 0x0000000086200000, 0x0000000086200000|100%| O|  |TAMS 0x0000000086200000, 0x0000000086100000| Updating 
|  98|0x0000000086200000, 0x0000000086300000, 0x0000000086300000|100%| O|  |TAMS 0x0000000086300000, 0x0000000086200000| Untracked 
|  99|0x0000000086300000, 0x0000000086400000, 0x0000000086400000|100%| O|  |TAMS 0x0000000086400000, 0x0000000086300000| Updating 
| 100|0x0000000086400000, 0x0000000086500000, 0x0000000086500000|100%| O|  |TAMS 0x0000000086500000, 0x0000000086400000| Updating 
| 101|0x0000000086500000, 0x0000000086600000, 0x0000000086600000|100%| O|  |TAMS 0x0000000086600000, 0x0000000086500000| Updating 
| 102|0x0000000086600000, 0x0000000086700000, 0x0000000086700000|100%| O|  |TAMS 0x0000000086700000, 0x0000000086600000| Updating 
| 103|0x0000000086700000, 0x0000000086800000, 0x0000000086800000|100%| O|  |TAMS 0x0000000086800000, 0x0000000086700000| Updating 
| 104|0x0000000086800000, 0x0000000086900000, 0x0000000086900000|100%| O|  |TAMS 0x0000000086900000, 0x0000000086800000| Updating 
| 105|0x0000000086900000, 0x0000000086a00000, 0x0000000086a00000|100%| O|  |TAMS 0x0000000086a00000, 0x0000000086900000| Updating 
| 106|0x0000000086a00000, 0x0000000086b00000, 0x0000000086b00000|100%| O|  |TAMS 0x0000000086b00000, 0x0000000086a00000| Updating 
| 107|0x0000000086b00000, 0x0000000086c00000, 0x0000000086c00000|100%| O|  |TAMS 0x0000000086c00000, 0x0000000086b00000| Updating 
| 108|0x0000000086c00000, 0x0000000086d00000, 0x0000000086d00000|100%| O|  |TAMS 0x0000000086d00000, 0x0000000086c00000| Updating 
| 109|0x0000000086d00000, 0x0000000086e00000, 0x0000000086e00000|100%| O|  |TAMS 0x0000000086e00000, 0x0000000086d00000| Updating 
| 110|0x0000000086e00000, 0x0000000086f00000, 0x0000000086f00000|100%|HS|  |TAMS 0x0000000086f00000, 0x0000000086e00000| Complete 
| 111|0x0000000086f00000, 0x0000000087000000, 0x0000000087000000|100%|HS|  |TAMS 0x0000000087000000, 0x0000000086f00000| Complete 
| 112|0x0000000087000000, 0x0000000087100000, 0x0000000087100000|100%|HS|  |TAMS 0x0000000087100000, 0x0000000087000000| Complete 
| 113|0x0000000087100000, 0x0000000087200000, 0x0000000087200000|100%| O|  |TAMS 0x0000000087200000, 0x0000000087100000| Untracked 
| 114|0x0000000087200000, 0x0000000087300000, 0x0000000087300000|100%| O|  |TAMS 0x0000000087300000, 0x0000000087200000| Untracked 
| 115|0x0000000087300000, 0x0000000087400000, 0x0000000087400000|100%| O|  |TAMS 0x0000000087400000, 0x0000000087300000| Untracked 
| 116|0x0000000087400000, 0x0000000087500000, 0x0000000087500000|100%| O|  |TAMS 0x0000000087500000, 0x0000000087400000| Untracked 
| 117|0x0000000087500000, 0x0000000087600000, 0x0000000087600000|100%| O|  |TAMS 0x0000000087600000, 0x0000000087500000| Updating 
| 118|0x0000000087600000, 0x0000000087700000, 0x0000000087700000|100%| O|  |TAMS 0x0000000087700000, 0x0000000087600000| Untracked 
| 119|0x0000000087700000, 0x0000000087800000, 0x0000000087800000|100%|HS|  |TAMS 0x0000000087800000, 0x0000000087700000| Complete 
| 120|0x0000000087800000, 0x0000000087900000, 0x0000000087900000|100%|HC|  |TAMS 0x0000000087900000, 0x0000000087800000| Complete 
| 121|0x0000000087900000, 0x0000000087a00000, 0x0000000087a00000|100%| O|  |TAMS 0x0000000087a00000, 0x0000000087900000| Untracked 
| 122|0x0000000087a00000, 0x0000000087b00000, 0x0000000087b00000|100%| O|  |TAMS 0x0000000087b00000, 0x0000000087a00000| Untracked 
| 123|0x0000000087b00000, 0x0000000087c00000, 0x0000000087c00000|100%|HS|  |TAMS 0x0000000087c00000, 0x0000000087b00000| Complete 
| 124|0x0000000087c00000, 0x0000000087d00000, 0x0000000087d00000|100%| O|  |TAMS 0x0000000087d00000, 0x0000000087c00000| Untracked 
| 125|0x0000000087d00000, 0x0000000087e00000, 0x0000000087e00000|100%| O|  |TAMS 0x0000000087e00000, 0x0000000087d00000| Untracked 
| 126|0x0000000087e00000, 0x0000000087f00000, 0x0000000087f00000|100%| O|  |TAMS 0x0000000087f00000, 0x0000000087e00000| Untracked 
| 127|0x0000000087f00000, 0x0000000088000000, 0x0000000088000000|100%| O|  |TAMS 0x0000000088000000, 0x0000000087f00000| Untracked 
| 128|0x0000000088000000, 0x0000000088100000, 0x0000000088100000|100%| O|  |TAMS 0x0000000088100000, 0x0000000088000000| Untracked 
| 129|0x0000000088100000, 0x0000000088200000, 0x0000000088200000|100%| O|  |TAMS 0x0000000088200000, 0x0000000088100000| Untracked 
| 130|0x0000000088200000, 0x0000000088300000, 0x0000000088300000|100%| O|  |TAMS 0x0000000088300000, 0x0000000088200000| Untracked 
| 131|0x0000000088300000, 0x0000000088400000, 0x0000000088400000|100%| O|  |TAMS 0x0000000088400000, 0x0000000088300000| Untracked 
| 132|0x0000000088400000, 0x0000000088500000, 0x0000000088500000|100%| O|  |TAMS 0x0000000088500000, 0x0000000088400000| Untracked 
| 133|0x0000000088500000, 0x0000000088600000, 0x0000000088600000|100%| O|  |TAMS 0x0000000088600000, 0x0000000088500000| Untracked 
| 134|0x0000000088600000, 0x0000000088700000, 0x0000000088700000|100%| O|  |TAMS 0x0000000088700000, 0x0000000088600000| Untracked 
| 135|0x0000000088700000, 0x0000000088800000, 0x0000000088800000|100%| O|  |TAMS 0x0000000088800000, 0x0000000088700000| Untracked 
| 136|0x0000000088800000, 0x0000000088900000, 0x0000000088900000|100%| O|  |TAMS 0x0000000088900000, 0x0000000088800000| Untracked 
| 137|0x0000000088900000, 0x0000000088a00000, 0x0000000088a00000|100%| O|  |TAMS 0x0000000088a00000, 0x0000000088900000| Untracked 
| 138|0x0000000088a00000, 0x0000000088b00000, 0x0000000088b00000|100%| O|  |TAMS 0x0000000088b00000, 0x0000000088a00000| Untracked 
| 139|0x0000000088b00000, 0x0000000088c00000, 0x0000000088c00000|100%| O|  |TAMS 0x0000000088c00000, 0x0000000088b00000| Untracked 
| 140|0x0000000088c00000, 0x0000000088d00000, 0x0000000088d00000|100%| O|  |TAMS 0x0000000088d00000, 0x0000000088c00000| Untracked 
| 141|0x0000000088d00000, 0x0000000088e00000, 0x0000000088e00000|100%| O|  |TAMS 0x0000000088e00000, 0x0000000088d00000| Untracked 
| 142|0x0000000088e00000, 0x0000000088f00000, 0x0000000088f00000|100%| O|  |TAMS 0x0000000088f00000, 0x0000000088e00000| Untracked 
| 143|0x0000000088f00000, 0x0000000089000000, 0x0000000089000000|100%| O|  |TAMS 0x0000000089000000, 0x0000000088f00000| Untracked 
| 144|0x0000000089000000, 0x0000000089100000, 0x0000000089100000|100%| O|  |TAMS 0x0000000089100000, 0x0000000089000000| Untracked 
| 145|0x0000000089100000, 0x0000000089200000, 0x0000000089200000|100%| O|  |TAMS 0x0000000089193800, 0x0000000089100000| Untracked 
| 146|0x0000000089200000, 0x0000000089300000, 0x0000000089300000|100%| O|  |TAMS 0x0000000089200000, 0x0000000089200000| Untracked 
| 147|0x0000000089300000, 0x0000000089400000, 0x0000000089400000|100%| O|  |TAMS 0x0000000089300000, 0x0000000089300000| Untracked 
| 148|0x0000000089400000, 0x0000000089500000, 0x0000000089500000|100%| O|  |TAMS 0x0000000089400000, 0x0000000089400000| Untracked 
| 149|0x0000000089500000, 0x0000000089600000, 0x0000000089600000|100%| O|  |TAMS 0x0000000089500000, 0x0000000089500000| Untracked 
| 150|0x0000000089600000, 0x0000000089633a00, 0x0000000089700000| 20%| O|  |TAMS 0x0000000089600000, 0x0000000089600000| Updating 
| 151|0x0000000089700000, 0x0000000089700000, 0x0000000089800000|  0%| F|  |TAMS 0x0000000089700000, 0x0000000089700000| Untracked 
| 152|0x0000000089800000, 0x0000000089800000, 0x0000000089900000|  0%| F|  |TAMS 0x0000000089800000, 0x0000000089800000| Untracked 
| 153|0x0000000089900000, 0x0000000089900000, 0x0000000089a00000|  0%| F|  |TAMS 0x0000000089900000, 0x0000000089900000| Untracked 
| 154|0x0000000089a00000, 0x0000000089a00000, 0x0000000089b00000|  0%| F|  |TAMS 0x0000000089a00000, 0x0000000089a00000| Untracked 
| 155|0x0000000089b00000, 0x0000000089b00000, 0x0000000089c00000|  0%| F|  |TAMS 0x0000000089b00000, 0x0000000089b00000| Untracked 
| 156|0x0000000089c00000, 0x0000000089c00000, 0x0000000089d00000|  0%| F|  |TAMS 0x0000000089c00000, 0x0000000089c00000| Untracked 
| 157|0x0000000089d00000, 0x0000000089d00000, 0x0000000089e00000|  0%| F|  |TAMS 0x0000000089d00000, 0x0000000089d00000| Untracked 
| 158|0x0000000089e00000, 0x0000000089e00000, 0x0000000089f00000|  0%| F|  |TAMS 0x0000000089e00000, 0x0000000089e00000| Untracked 
| 159|0x0000000089f00000, 0x0000000089f00000, 0x000000008a000000|  0%| F|  |TAMS 0x0000000089f00000, 0x0000000089f00000| Untracked 
| 160|0x000000008a000000, 0x000000008a000000, 0x000000008a100000|  0%| F|  |TAMS 0x000000008a000000, 0x000000008a000000| Untracked 
| 161|0x000000008a100000, 0x000000008a100000, 0x000000008a200000|  0%| F|  |TAMS 0x000000008a100000, 0x000000008a100000| Untracked 
| 162|0x000000008a200000, 0x000000008a200000, 0x000000008a300000|  0%| F|  |TAMS 0x000000008a200000, 0x000000008a200000| Untracked 
| 163|0x000000008a300000, 0x000000008a300000, 0x000000008a400000|  0%| F|  |TAMS 0x000000008a300000, 0x000000008a300000| Untracked 
| 164|0x000000008a400000, 0x000000008a400000, 0x000000008a500000|  0%| F|  |TAMS 0x000000008a400000, 0x000000008a400000| Untracked 
| 165|0x000000008a500000, 0x000000008a500000, 0x000000008a600000|  0%| F|  |TAMS 0x000000008a500000, 0x000000008a500000| Untracked 
| 166|0x000000008a600000, 0x000000008a600000, 0x000000008a700000|  0%| F|  |TAMS 0x000000008a600000, 0x000000008a600000| Untracked 
| 167|0x000000008a700000, 0x000000008a700000, 0x000000008a800000|  0%| F|  |TAMS 0x000000008a700000, 0x000000008a700000| Untracked 
| 168|0x000000008a800000, 0x000000008a800000, 0x000000008a900000|  0%| F|  |TAMS 0x000000008a800000, 0x000000008a800000| Untracked 
| 169|0x000000008a900000, 0x000000008a900000, 0x000000008aa00000|  0%| F|  |TAMS 0x000000008a900000, 0x000000008a900000| Untracked 
| 170|0x000000008aa00000, 0x000000008aa00000, 0x000000008ab00000|  0%| F|  |TAMS 0x000000008aa00000, 0x000000008aa00000| Untracked 
| 171|0x000000008ab00000, 0x000000008ab00000, 0x000000008ac00000|  0%| F|  |TAMS 0x000000008ab00000, 0x000000008ab00000| Untracked 
| 172|0x000000008ac00000, 0x000000008ac00000, 0x000000008ad00000|  0%| F|  |TAMS 0x000000008ac00000, 0x000000008ac00000| Untracked 
| 173|0x000000008ad00000, 0x000000008ad00000, 0x000000008ae00000|  0%| F|  |TAMS 0x000000008ad00000, 0x000000008ad00000| Untracked 
| 174|0x000000008ae00000, 0x000000008ae00000, 0x000000008af00000|  0%| F|  |TAMS 0x000000008ae00000, 0x000000008ae00000| Untracked 
| 175|0x000000008af00000, 0x000000008af00000, 0x000000008b000000|  0%| F|  |TAMS 0x000000008af00000, 0x000000008af00000| Untracked 
| 176|0x000000008b000000, 0x000000008b100000, 0x000000008b100000|100%| S|CS|TAMS 0x000000008b000000, 0x000000008b000000| Complete 
| 177|0x000000008b100000, 0x000000008b200000, 0x000000008b200000|100%| S|CS|TAMS 0x000000008b100000, 0x000000008b100000| Complete 
| 178|0x000000008b200000, 0x000000008b300000, 0x000000008b300000|100%| S|CS|TAMS 0x000000008b200000, 0x000000008b200000| Complete 
| 179|0x000000008b300000, 0x000000008b400000, 0x000000008b400000|100%| S|CS|TAMS 0x000000008b300000, 0x000000008b300000| Complete 
| 180|0x000000008b400000, 0x000000008b400000, 0x000000008b500000|  0%| F|  |TAMS 0x000000008b400000, 0x000000008b400000| Untracked 
| 181|0x000000008b500000, 0x000000008b500000, 0x000000008b600000|  0%| F|  |TAMS 0x000000008b500000, 0x000000008b500000| Untracked 
| 182|0x000000008b600000, 0x000000008b600000, 0x000000008b700000|  0%| F|  |TAMS 0x000000008b600000, 0x000000008b600000| Untracked 
| 183|0x000000008b700000, 0x000000008b700000, 0x000000008b800000|  0%| F|  |TAMS 0x000000008b700000, 0x000000008b700000| Untracked 
| 184|0x000000008b800000, 0x000000008b800000, 0x000000008b900000|  0%| F|  |TAMS 0x000000008b800000, 0x000000008b800000| Untracked 
| 185|0x000000008b900000, 0x000000008b900000, 0x000000008ba00000|  0%| F|  |TAMS 0x000000008b900000, 0x000000008b900000| Untracked 
| 186|0x000000008ba00000, 0x000000008ba00000, 0x000000008bb00000|  0%| F|  |TAMS 0x000000008ba00000, 0x000000008ba00000| Untracked 
| 187|0x000000008bb00000, 0x000000008bb00000, 0x000000008bc00000|  0%| F|  |TAMS 0x000000008bb00000, 0x000000008bb00000| Untracked 
| 188|0x000000008bc00000, 0x000000008bc00000, 0x000000008bd00000|  0%| F|  |TAMS 0x000000008bc00000, 0x000000008bc00000| Untracked 
| 189|0x000000008bd00000, 0x000000008bd00000, 0x000000008be00000|  0%| F|  |TAMS 0x000000008bd00000, 0x000000008bd00000| Untracked 
| 190|0x000000008be00000, 0x000000008be00000, 0x000000008bf00000|  0%| F|  |TAMS 0x000000008be00000, 0x000000008be00000| Untracked 
| 191|0x000000008bf00000, 0x000000008bf00000, 0x000000008c000000|  0%| F|  |TAMS 0x000000008bf00000, 0x000000008bf00000| Untracked 
| 192|0x000000008c000000, 0x000000008c000000, 0x000000008c100000|  0%| F|  |TAMS 0x000000008c000000, 0x000000008c000000| Untracked 
| 193|0x000000008c100000, 0x000000008c100000, 0x000000008c200000|  0%| F|  |TAMS 0x000000008c100000, 0x000000008c100000| Untracked 
| 194|0x000000008c200000, 0x000000008c200000, 0x000000008c300000|  0%| F|  |TAMS 0x000000008c200000, 0x000000008c200000| Untracked 
| 195|0x000000008c300000, 0x000000008c300000, 0x000000008c400000|  0%| F|  |TAMS 0x000000008c300000, 0x000000008c300000| Untracked 
| 196|0x000000008c400000, 0x000000008c400000, 0x000000008c500000|  0%| F|  |TAMS 0x000000008c400000, 0x000000008c400000| Untracked 
| 197|0x000000008c500000, 0x000000008c500000, 0x000000008c600000|  0%| F|  |TAMS 0x000000008c500000, 0x000000008c500000| Untracked 
| 198|0x000000008c600000, 0x000000008c600000, 0x000000008c700000|  0%| F|  |TAMS 0x000000008c600000, 0x000000008c600000| Untracked 
| 199|0x000000008c700000, 0x000000008c7e3f18, 0x000000008c800000| 89%| E|  |TAMS 0x000000008c700000, 0x000000008c700000| Complete 
| 200|0x000000008c800000, 0x000000008c900000, 0x000000008c900000|100%| E|CS|TAMS 0x000000008c800000, 0x000000008c800000| Complete 
| 201|0x000000008c900000, 0x000000008ca00000, 0x000000008ca00000|100%| E|CS|TAMS 0x000000008c900000, 0x000000008c900000| Complete 
| 202|0x000000008ca00000, 0x000000008cb00000, 0x000000008cb00000|100%| E|CS|TAMS 0x000000008ca00000, 0x000000008ca00000| Complete 
| 203|0x000000008cb00000, 0x000000008cc00000, 0x000000008cc00000|100%| E|CS|TAMS 0x000000008cb00000, 0x000000008cb00000| Complete 
| 204|0x000000008cc00000, 0x000000008cd00000, 0x000000008cd00000|100%| E|CS|TAMS 0x000000008cc00000, 0x000000008cc00000| Complete 

Card table byte_map: [0x000002ef47420000,0x000002ef47820000] _byte_map_base: 0x000002ef47020000

Marking Bits (Prev, Next): (CMBitMap*) 0x000002ef2f1b32d0, (CMBitMap*) 0x000002ef2f1b3290
 Prev Bits: [0x000002ef49c20000, 0x000002ef4bc20000)
 Next Bits: [0x000002ef47c20000, 0x000002ef49c20000)

Polling page: 0x000002ef2d0a0000

Metaspace:

Usage:
  Non-class:     93.35 MB used.
      Class:     15.08 MB used.
       Both:    108.43 MB used.

Virtual space:
  Non-class space:      128.00 MB reserved,      94.00 MB ( 73%) committed,  2 nodes.
      Class space:      416.00 MB reserved,      15.69 MB (  4%) committed,  1 nodes.
             Both:      544.00 MB reserved,     109.69 MB ( 20%) committed. 

Chunk freelists:
   Non-Class:  1.45 MB
       Class:  287.00 KB
        Both:  1.73 MB

MaxMetaspaceSize: 512.00 MB
CompressedClassSpaceSize: 416.00 MB
Initial GC threshold: 21.00 MB
Current GC threshold: 134.62 MB
CDS: on
MetaspaceReclaimPolicy: balanced
 - commit_granule_bytes: 65536.
 - commit_granule_words: 8192.
 - virtual_space_node_default_size: 8388608.
 - enlarge_chunks_in_place: 1.
 - new_chunks_are_fully_committed: 0.
 - uncommit_free_chunks: 1.
 - use_allocation_guard: 0.
 - handle_deallocations: 1.


Internal statistics:

num_allocs_failed_limit: 6.
num_arena_births: 1648.
num_arena_deaths: 2.
num_vsnodes_births: 3.
num_vsnodes_deaths: 0.
num_space_committed: 1755.
num_space_uncommitted: 0.
num_chunks_returned_to_freelist: 8.
num_chunks_taken_from_freelist: 6663.
num_chunk_merges: 6.
num_chunk_splits: 4324.
num_chunks_enlarged: 2745.
num_inconsistent_stats: 0.

CodeHeap 'non-profiled nmethods': size=120000Kb used=8181Kb max_used=8438Kb free=111818Kb
 bounds [0x000002ef3faf0000, 0x000002ef40360000, 0x000002ef47020000]
CodeHeap 'profiled nmethods': size=120000Kb used=25521Kb max_used=25919Kb free=94478Kb
 bounds [0x000002ef38020000, 0x000002ef39980000, 0x000002ef3f550000]
CodeHeap 'non-nmethods': size=5760Kb used=2426Kb max_used=2516Kb free=3333Kb
 bounds [0x000002ef3f550000, 0x000002ef3f7d0000, 0x000002ef3faf0000]
 total_blobs=13909 nmethods=12943 adapters=877
 compilation: enabled
              stopped_count=0, restarted_count=0
 full_count=0

Compilation events (20 events):
Event: 162.807 Thread 0x000002ef4e0ee5d0 15312       3       groovyjarjarasm.asm.Type::getDescriptor (73 bytes)
Event: 162.807 Thread 0x000002ef4e0ee5d0 nmethod 15312 0x000002ef38cd9b10 code [0x000002ef38cd9d60, 0x000002ef38cda378]
Event: 162.808 Thread 0x000002ef4e0ee5d0 15313       3       groovyjarjarasm.asm.Frame::pop (42 bytes)
Event: 162.808 Thread 0x000002ef4e0ee5d0 nmethod 15313 0x000002ef3864c310 code [0x000002ef3864c4c0, 0x000002ef3864c678]
Event: 162.809 Thread 0x000002ef4e0ee5d0 15314       3       java.lang.Class::getCanonicalName (37 bytes)
Event: 162.809 Thread 0x000002ef4e0ee5d0 nmethod 15314 0x000002ef3937ab90 code [0x000002ef3937ad40, 0x000002ef3937afb8]
Event: 162.811 Thread 0x000002ef4e0ee5d0 15315       1       org.gradle.jvm.toolchain.internal.DefaultToolchainSpec::getLanguageVersion (5 bytes)
Event: 162.812 Thread 0x000002ef4e0ee5d0 nmethod 15315 0x000002ef3fef5910 code [0x000002ef3fef5aa0, 0x000002ef3fef5b78]
Event: 162.813 Thread 0x000002ef4e0ee5d0 15316       3       org.apache.tools.ant.PropertyHelper::getDelegates (24 bytes)
Event: 162.813 Thread 0x000002ef4e0ee5d0 nmethod 15316 0x000002ef3937a510 code [0x000002ef3937a6c0, 0x000002ef3937aa48]
Event: 162.813 Thread 0x000002ef4e0ee5d0 15317  s    3       java.util.Hashtable::containsKey (65 bytes)
Event: 162.814 Thread 0x000002ef4e0ee5d0 nmethod 15317 0x000002ef3993ba10 code [0x000002ef3993bbe0, 0x000002ef3993c118]
Event: 162.814 Thread 0x000002ef4e0ee5d0 15318       3       org.apache.tools.ant.Project::setPropertyInternal (12 bytes)
Event: 162.814 Thread 0x000002ef4e0ee5d0 nmethod 15318 0x000002ef3937a010 code [0x000002ef3937a1c0, 0x000002ef3937a358]
Event: 162.825 Thread 0x000002ef4e0ee5d0 15319       3       sun.reflect.generics.reflectiveObjects.TypeVariableImpl::equals (67 bytes)
Event: 162.826 Thread 0x000002ef4e0ee5d0 nmethod 15319 0x000002ef38125410 code [0x000002ef38125640, 0x000002ef38125fd8]
Event: 162.828 Thread 0x000002ef4e0ee5d0 15320       3       org.codehaus.groovy.reflection.CachedClass$1$$Lambda$402/0x000002ef5040cee0::run (8 bytes)
Event: 162.828 Thread 0x000002ef4e0ee5d0 nmethod 15320 0x000002ef3993b610 code [0x000002ef3993b7c0, 0x000002ef3993b908]
Event: 162.829 Thread 0x000002ef4e0ee5d0 15321       3       org.codehaus.groovy.reflection.CachedClass$1$$Lambda$405/0x000002ef5040d580::apply (5 bytes)
Event: 162.829 Thread 0x000002ef4e0ee5d0 nmethod 15321 0x000002ef3993b190 code [0x000002ef3993b320, 0x000002ef3993b518]

GC Heap History (20 events):
Event: 143.453 GC heap before
{Heap before GC invocations=58 (full 0):
 garbage-first heap   total 209920K, used 176038K [0x0000000080000000, 0x0000000100000000)
  region size 1024K, 46 young (47104K), 6 survivors (6144K)
 Metaspace       used 97307K, committed 98432K, reserved 557056K
  class space    used 13295K, committed 13888K, reserved 425984K
}
Event: 143.462 GC heap after
{Heap after GC invocations=59 (full 0):
 garbage-first heap   total 209920K, used 135919K [0x0000000080000000, 0x0000000100000000)
  region size 1024K, 3 young (3072K), 3 survivors (3072K)
 Metaspace       used 97307K, committed 98432K, reserved 557056K
  class space    used 13295K, committed 13888K, reserved 425984K
}
Event: 151.771 GC heap before
{Heap before GC invocations=59 (full 0):
 garbage-first heap   total 209920K, used 178927K [0x0000000080000000, 0x0000000100000000)
  region size 1024K, 45 young (46080K), 3 survivors (3072K)
 Metaspace       used 98896K, committed 100032K, reserved 557056K
  class space    used 13562K, committed 14144K, reserved 425984K
}
Event: 151.779 GC heap after
{Heap after GC invocations=60 (full 0):
 garbage-first heap   total 209920K, used 138522K [0x0000000080000000, 0x0000000100000000)
  region size 1024K, 6 young (6144K), 6 survivors (6144K)
 Metaspace       used 98896K, committed 100032K, reserved 557056K
  class space    used 13562K, committed 14144K, reserved 425984K
}
Event: 152.664 GC heap before
{Heap before GC invocations=60 (full 0):
 garbage-first heap   total 209920K, used 178458K [0x0000000080000000, 0x0000000100000000)
  region size 1024K, 45 young (46080K), 6 survivors (6144K)
 Metaspace       used 99032K, committed 100160K, reserved 557056K
  class space    used 13575K, committed 14144K, reserved 425984K
}
Event: 152.675 GC heap after
{Heap after GC invocations=61 (full 0):
 garbage-first heap   total 209920K, used 141382K [0x0000000080000000, 0x0000000100000000)
  region size 1024K, 6 young (6144K), 6 survivors (6144K)
 Metaspace       used 99032K, committed 100160K, reserved 557056K
  class space    used 13575K, committed 14144K, reserved 425984K
}
Event: 153.835 GC heap before
{Heap before GC invocations=61 (full 0):
 garbage-first heap   total 209920K, used 179270K [0x0000000080000000, 0x0000000100000000)
  region size 1024K, 43 young (44032K), 6 survivors (6144K)
 Metaspace       used 101041K, committed 102144K, reserved 557056K
  class space    used 13841K, committed 14400K, reserved 425984K
}
Event: 153.844 GC heap after
{Heap after GC invocations=62 (full 0):
 garbage-first heap   total 209920K, used 142914K [0x0000000080000000, 0x0000000100000000)
  region size 1024K, 5 young (5120K), 5 survivors (5120K)
 Metaspace       used 101041K, committed 102144K, reserved 557056K
  class space    used 13841K, committed 14400K, reserved 425984K
}
Event: 155.055 GC heap before
{Heap before GC invocations=62 (full 0):
 garbage-first heap   total 209920K, used 180802K [0x0000000080000000, 0x0000000100000000)
  region size 1024K, 41 young (41984K), 5 survivors (5120K)
 Metaspace       used 103077K, committed 104128K, reserved 557056K
  class space    used 14122K, committed 14656K, reserved 425984K
}
Event: 155.063 GC heap after
{Heap after GC invocations=63 (full 0):
 garbage-first heap   total 209920K, used 143671K [0x0000000080000000, 0x0000000100000000)
  region size 1024K, 3 young (3072K), 3 survivors (3072K)
 Metaspace       used 103077K, committed 104128K, reserved 557056K
  class space    used 14122K, committed 14656K, reserved 425984K
}
Event: 157.344 GC heap before
{Heap before GC invocations=63 (full 0):
 garbage-first heap   total 209920K, used 181559K [0x0000000080000000, 0x0000000100000000)
  region size 1024K, 40 young (40960K), 3 survivors (3072K)
 Metaspace       used 105353K, committed 106496K, reserved 557056K
  class space    used 14573K, committed 15104K, reserved 425984K
}
Event: 157.351 GC heap after
{Heap after GC invocations=64 (full 0):
 garbage-first heap   total 209920K, used 144671K [0x0000000080000000, 0x0000000100000000)
  region size 1024K, 4 young (4096K), 4 survivors (4096K)
 Metaspace       used 105353K, committed 106496K, reserved 557056K
  class space    used 14573K, committed 15104K, reserved 425984K
}
Event: 158.804 GC heap before
{Heap before GC invocations=64 (full 0):
 garbage-first heap   total 209920K, used 181535K [0x0000000080000000, 0x0000000100000000)
  region size 1024K, 40 young (40960K), 4 survivors (4096K)
 Metaspace       used 107457K, committed 108672K, reserved 557056K
  class space    used 14880K, committed 15488K, reserved 425984K
}
Event: 158.813 GC heap after
{Heap after GC invocations=65 (full 0):
 garbage-first heap   total 209920K, used 145959K [0x0000000080000000, 0x0000000100000000)
  region size 1024K, 4 young (4096K), 4 survivors (4096K)
 Metaspace       used 107457K, committed 108672K, reserved 557056K
  class space    used 14880K, committed 15488K, reserved 425984K
}
Event: 159.841 GC heap before
{Heap before GC invocations=65 (full 0):
 garbage-first heap   total 209920K, used 181799K [0x0000000080000000, 0x0000000100000000)
  region size 1024K, 39 young (39936K), 4 survivors (4096K)
 Metaspace       used 109193K, committed 110400K, reserved 557056K
  class space    used 15125K, committed 15744K, reserved 425984K
}
Event: 159.853 GC heap after
{Heap after GC invocations=66 (full 0):
 garbage-first heap   total 209920K, used 148940K [0x0000000080000000, 0x0000000100000000)
  region size 1024K, 5 young (5120K), 5 survivors (5120K)
 Metaspace       used 109193K, committed 110400K, reserved 557056K
  class space    used 15125K, committed 15744K, reserved 425984K
}
Event: 161.546 GC heap before
{Heap before GC invocations=66 (full 0):
 garbage-first heap   total 209920K, used 180684K [0x0000000080000000, 0x0000000100000000)
  region size 1024K, 36 young (36864K), 5 survivors (5120K)
 Metaspace       used 110462K, committed 111680K, reserved 557056K
  class space    used 15354K, committed 15936K, reserved 425984K
}
Event: 161.560 GC heap after
{Heap after GC invocations=67 (full 0):
 garbage-first heap   total 209920K, used 153372K [0x0000000080000000, 0x0000000100000000)
  region size 1024K, 5 young (5120K), 5 survivors (5120K)
 Metaspace       used 110462K, committed 111680K, reserved 557056K
  class space    used 15354K, committed 15936K, reserved 425984K
}
Event: 162.493 GC heap before
{Heap before GC invocations=67 (full 0):
 garbage-first heap   total 209920K, used 178972K [0x0000000080000000, 0x0000000100000000)
  region size 1024K, 30 young (30720K), 5 survivors (5120K)
 Metaspace       used 110910K, committed 112192K, reserved 557056K
  class space    used 15419K, committed 16064K, reserved 425984K
}
Event: 162.511 GC heap after
{Heap after GC invocations=68 (full 0):
 garbage-first heap   total 209920K, used 157877K [0x0000000080000000, 0x0000000100000000)
  region size 1024K, 4 young (4096K), 4 survivors (4096K)
 Metaspace       used 110910K, committed 112192K, reserved 557056K
  class space    used 15419K, committed 16064K, reserved 425984K
}

Dll operation events (15 events):
Event: 0.046 Loaded shared library C:\Program Files\OpenLogic\jdk-17.0.13.11-hotspot\bin\java.dll
Event: 0.087 Loaded shared library C:\Program Files\OpenLogic\jdk-17.0.13.11-hotspot\bin\jsvml.dll
Event: 0.200 Loaded shared library C:\Program Files\OpenLogic\jdk-17.0.13.11-hotspot\bin\zip.dll
Event: 0.218 Loaded shared library C:\Program Files\OpenLogic\jdk-17.0.13.11-hotspot\bin\instrument.dll
Event: 0.225 Loaded shared library C:\Program Files\OpenLogic\jdk-17.0.13.11-hotspot\bin\net.dll
Event: 0.228 Loaded shared library C:\Program Files\OpenLogic\jdk-17.0.13.11-hotspot\bin\nio.dll
Event: 0.234 Loaded shared library C:\Program Files\OpenLogic\jdk-17.0.13.11-hotspot\bin\zip.dll
Event: 1.013 Loaded shared library C:\Program Files\OpenLogic\jdk-17.0.13.11-hotspot\bin\jimage.dll
Event: 1.428 Loaded shared library C:\Program Files\OpenLogic\jdk-17.0.13.11-hotspot\bin\verify.dll
Event: 1.649 Loaded shared library C:\Users\jayku\.gradle\native\1def1411415f61bf3af743bc5b6707747c0891f09f0c88961ee8f79bc544acac\windows-amd64\native-platform.dll
Event: 1.678 Loaded shared library C:\Users\jayku\.gradle\native\0.2.7\x86_64-windows-gnu\gradle-fileevents.dll
Event: 5.800 Loaded shared library C:\Program Files\OpenLogic\jdk-17.0.13.11-hotspot\bin\management.dll
Event: 5.806 Loaded shared library C:\Program Files\OpenLogic\jdk-17.0.13.11-hotspot\bin\management_ext.dll
Event: 6.955 Loaded shared library C:\Program Files\OpenLogic\jdk-17.0.13.11-hotspot\bin\extnet.dll
Event: 7.486 Loaded shared library C:\Program Files\OpenLogic\jdk-17.0.13.11-hotspot\bin\sunmscapi.dll

Deoptimization events (20 events):
Event: 161.194 Thread 0x000002ef4ea7a7c0 Uncommon trap: trap_request=0xfffffff4 fr.pc=0x000002ef3fe3b860 relative=0x00000000000011a0
Event: 161.194 Thread 0x000002ef4ea7a7c0 Uncommon trap: reason=null_check action=make_not_entrant pc=0x000002ef3fe3b860 method=org.gradle.internal.instantiation.generator.AbstractClassGenerator.isLazyAttachProperty(Lorg/gradle/internal/instantiation/generator/AbstractClassGenerator$PropertyMetad
Event: 161.194 Thread 0x000002ef4ea7a7c0 DEOPT PACKING pc=0x000002ef3fe3b860 sp=0x000000fcea2f6e40
Event: 161.194 Thread 0x000002ef4ea7a7c0 DEOPT UNPACKING pc=0x000002ef3f5a69a3 sp=0x000000fcea2f6e30 mode 2
Event: 161.842 Thread 0x000002ef4ea7a7c0 Uncommon trap: trap_request=0xffffff45 fr.pc=0x000002ef3fb8f94c relative=0x000000000000040c
Event: 161.842 Thread 0x000002ef4ea7a7c0 Uncommon trap: reason=unstable_if action=reinterpret pc=0x000002ef3fb8f94c method=java.lang.StringConcatHelper.simpleConcat(Ljava/lang/Object;Ljava/lang/Object;)Ljava/lang/String; @ 30 c2
Event: 161.842 Thread 0x000002ef4ea7a7c0 DEOPT PACKING pc=0x000002ef3fb8f94c sp=0x000000fcea2f74b0
Event: 161.842 Thread 0x000002ef4ea7a7c0 DEOPT UNPACKING pc=0x000002ef3f5a69a3 sp=0x000000fcea2f7458 mode 2
Event: 162.112 Thread 0x000002ef4ea7a7c0 Uncommon trap: trap_request=0xffffffde fr.pc=0x000002ef40151f08 relative=0x0000000000001168
Event: 162.112 Thread 0x000002ef4ea7a7c0 Uncommon trap: reason=class_check action=maybe_recompile pc=0x000002ef40151f08 method=org.gradle.internal.logging.sink.OutputEventTransformer.onOutput(Lorg/gradle/internal/logging/events/OutputEvent;)V @ 272 c2
Event: 162.112 Thread 0x000002ef4ea7a7c0 DEOPT PACKING pc=0x000002ef40151f08 sp=0x000000fcea2f9290
Event: 162.112 Thread 0x000002ef4ea7a7c0 DEOPT UNPACKING pc=0x000002ef3f5a69a3 sp=0x000000fcea2f9258 mode 2
Event: 162.604 Thread 0x000002ef4ea7a7c0 Uncommon trap: trap_request=0xffffffc6 fr.pc=0x000002ef402a3978 relative=0x0000000000000558
Event: 162.604 Thread 0x000002ef4ea7a7c0 Uncommon trap: reason=bimorphic_or_optimized_type_check action=maybe_recompile pc=0x000002ef402a3978 method=groovy.lang.MetaClassImpl.filterPropertyMethod(Ljava/lang/Object;ZZ)Ljava/lang/Object; @ 38 c2
Event: 162.604 Thread 0x000002ef4ea7a7c0 DEOPT PACKING pc=0x000002ef402a3978 sp=0x000000fcea2f6770
Event: 162.604 Thread 0x000002ef4ea7a7c0 DEOPT UNPACKING pc=0x000002ef3f5a69a3 sp=0x000000fcea2f66d8 mode 2
Event: 162.604 Thread 0x000002ef4ea7a7c0 Uncommon trap: trap_request=0xffffffc6 fr.pc=0x000002ef400665c4 relative=0x00000000000013a4
Event: 162.604 Thread 0x000002ef4ea7a7c0 Uncommon trap: reason=bimorphic_or_optimized_type_check action=maybe_recompile pc=0x000002ef400665c4 method=groovy.lang.MetaClassImpl.makeReplacementMetaProperty(Lgroovy/lang/MetaProperty;Ljava/lang/String;ZLgroovy/lang/MetaMethod;)Lgroovy/lang/MetaProper
Event: 162.604 Thread 0x000002ef4ea7a7c0 DEOPT PACKING pc=0x000002ef400665c4 sp=0x000000fcea2f66c0
Event: 162.604 Thread 0x000002ef4ea7a7c0 DEOPT UNPACKING pc=0x000002ef3f5a69a3 sp=0x000000fcea2f6658 mode 2

Classes loaded (20 events):
Event: 162.598 Loading class java/util/regex/MatcherCustomizer
Event: 162.598 Loading class java/util/regex/MatcherCustomizer done
Event: 162.603 Loading class java/util/regex/MatcherCustomizer
Event: 162.603 Loading class java/util/regex/MatcherCustomizer done
Event: 162.820 Loading class java/util/HashMapBeanInfo
Event: 162.820 Loading class java/util/HashMapBeanInfo done
Event: 162.821 Loading class java/util/HashMapBeanInfo
Event: 162.821 Loading class java/util/HashMapBeanInfo done
Event: 162.821 Loading class java/util/AbstractMapBeanInfo
Event: 162.821 Loading class java/util/AbstractMapBeanInfo done
Event: 162.822 Loading class java/util/AbstractMapBeanInfo
Event: 162.822 Loading class java/util/AbstractMapBeanInfo done
Event: 162.822 Loading class java/util/AbstractMapCustomizer
Event: 162.822 Loading class java/util/AbstractMapCustomizer done
Event: 162.823 Loading class java/util/AbstractMapCustomizer
Event: 162.823 Loading class java/util/AbstractMapCustomizer done
Event: 162.824 Loading class java/util/HashMapCustomizer
Event: 162.824 Loading class java/util/HashMapCustomizer done
Event: 162.825 Loading class java/util/HashMapCustomizer
Event: 162.825 Loading class java/util/HashMapCustomizer done

Classes unloaded (1 events):
Event: 64.520 Thread 0x000002ef4e0bf580 Unloading class 0x000002ef50ad0400 'java/lang/invoke/LambdaForm$DMH+0x000002ef50ad0400'

Classes redefined (0 events):
No events

Internal exceptions (20 events):
Event: 162.474 Thread 0x000002ef4ea7a7c0 Exception <a 'java/lang/ClassNotFoundException'{0x000000008b4b9b40}: org/gradle/invocation/DefaultGradleCustomizer> (0x000000008b4b9b40) 
thrown [s\src\hotspot\share\classfile\systemDictionary.cpp, line 256]
Event: 162.542 Thread 0x000002ef4ea7a7c0 Exception <a 'java/lang/ClassNotFoundException'{0x000000008cc06a48}: org/gradle/invocation/DefaultGradle_DecoratedCustomizer> (0x000000008cc06a48) 
thrown [s\src\hotspot\share\classfile\systemDictionary.cpp, line 256]
Event: 162.554 Thread 0x000002ef4ea7a7c0 Exception <a 'java/lang/ClassNotFoundException'{0x000000008cc9fa20}: org/gradle/api/internal/StartParameterInternalBeanInfo> (0x000000008cc9fa20) 
thrown [s\src\hotspot\share\classfile\systemDictionary.cpp, line 256]
Event: 162.556 Thread 0x000002ef4ea7a7c0 Exception <a 'java/lang/ClassNotFoundException'{0x000000008ccbb9f0}: org/gradle/StartParameterBeanInfo> (0x000000008ccbb9f0) 
thrown [s\src\hotspot\share\classfile\systemDictionary.cpp, line 256]
Event: 162.558 Thread 0x000002ef4ea7a7c0 Exception <a 'java/lang/ClassNotFoundException'{0x000000008ccd71d0}: org/gradle/StartParameterCustomizer> (0x000000008ccd71d0) 
thrown [s\src\hotspot\share\classfile\systemDictionary.cpp, line 256]
Event: 162.578 Thread 0x000002ef4ea7a7c0 Exception <a 'java/lang/ClassNotFoundException'{0x000000008cb48370}: org/gradle/api/internal/StartParameterInternalCustomizer> (0x000000008cb48370) 
thrown [s\src\hotspot\share\classfile\systemDictionary.cpp, line 256]
Event: 162.597 Thread 0x000002ef4ea7a7c0 Exception <a 'java/lang/ClassNotFoundException'{0x000000008cbce460}: java/util/regex/MatcherBeanInfo> (0x000000008cbce460) 
thrown [s\src\hotspot\share\classfile\systemDictionary.cpp, line 256]
Event: 162.603 Thread 0x000002ef4ea7a7c0 Exception <a 'java/lang/ClassNotFoundException'{0x000000008cbe2418}: java/util/regex/MatcherCustomizer> (0x000000008cbe2418) 
thrown [s\src\hotspot\share\classfile\systemDictionary.cpp, line 256]
Event: 162.774 Thread 0x000002ef4ea7a7c0 Exception <a 'java/lang/ClassNotFoundException'{0x000000008cadf230}: com/android/build/gradle/internal/dsl/ExternalNativeBuildOptions_DecoratedBeanInfo> (0x000000008cadf230) 
thrown [s\src\hotspot\share\classfile\systemDictionary.cpp, line 256]
Event: 162.776 Thread 0x000002ef4ea7a7c0 Exception <a 'java/lang/ClassNotFoundException'{0x000000008cafa1a8}: com/android/build/gradle/internal/dsl/ExternalNativeBuildOptionsBeanInfo> (0x000000008cafa1a8) 
thrown [s\src\hotspot\share\classfile\systemDictionary.cpp, line 256]
Event: 162.784 Thread 0x000002ef4ea7a7c0 Exception <a 'java/lang/ClassNotFoundException'{0x000000008c914650}: com/android/build/gradle/internal/dsl/ExternalNativeBuildOptionsCustomizer> (0x000000008c914650) 
thrown [s\src\hotspot\share\classfile\systemDictionary.cpp, line 256]
Event: 162.787 Thread 0x000002ef4ea7a7c0 Exception <a 'java/lang/ClassNotFoundException'{0x000000008c93f210}: com/android/build/gradle/internal/dsl/ExternalNativeBuildOptions_DecoratedCustomizer> (0x000000008c93f210) 
thrown [s\src\hotspot\share\classfile\systemDictionary.cpp, line 256]
Event: 162.795 Thread 0x000002ef4ea7a7c0 Exception <a 'java/lang/ClassNotFoundException'{0x000000008c99fc78}: com/android/build/gradle/internal/dsl/ExternalNativeCmakeOptions_DecoratedBeanInfo> (0x000000008c99fc78) 
thrown [s\src\hotspot\share\classfile\systemDictionary.cpp, line 256]
Event: 162.797 Thread 0x000002ef4ea7a7c0 Exception <a 'java/lang/ClassNotFoundException'{0x000000008c9bd3c0}: com/android/build/gradle/internal/dsl/ExternalNativeCmakeOptionsBeanInfo> (0x000000008c9bd3c0) 
thrown [s\src\hotspot\share\classfile\systemDictionary.cpp, line 256]
Event: 162.799 Thread 0x000002ef4ea7a7c0 Exception <a 'java/lang/ClassNotFoundException'{0x000000008c9da838}: com/android/build/gradle/internal/dsl/ExternalNativeCmakeOptionsCustomizer> (0x000000008c9da838) 
thrown [s\src\hotspot\share\classfile\systemDictionary.cpp, line 256]
Event: 162.803 Thread 0x000002ef4ea7a7c0 Exception <a 'java/lang/ClassNotFoundException'{0x000000008c80ac10}: com/android/build/gradle/internal/dsl/ExternalNativeCmakeOptions_DecoratedCustomizer> (0x000000008c80ac10) 
thrown [s\src\hotspot\share\classfile\systemDictionary.cpp, line 256]
Event: 162.821 Thread 0x000002ef4ea7a7c0 Exception <a 'java/lang/ClassNotFoundException'{0x000000008c8d4630}: java/util/HashMapBeanInfo> (0x000000008c8d4630) 
thrown [s\src\hotspot\share\classfile\systemDictionary.cpp, line 256]
Event: 162.822 Thread 0x000002ef4ea7a7c0 Exception <a 'java/lang/ClassNotFoundException'{0x000000008c8e7898}: java/util/AbstractMapBeanInfo> (0x000000008c8e7898) 
thrown [s\src\hotspot\share\classfile\systemDictionary.cpp, line 256]
Event: 162.823 Thread 0x000002ef4ea7a7c0 Exception <a 'java/lang/ClassNotFoundException'{0x000000008c8fab78}: java/util/AbstractMapCustomizer> (0x000000008c8fab78) 
thrown [s\src\hotspot\share\classfile\systemDictionary.cpp, line 256]
Event: 162.825 Thread 0x000002ef4ea7a7c0 Exception <a 'java/lang/ClassNotFoundException'{0x000000008c7180b8}: java/util/HashMapCustomizer> (0x000000008c7180b8) 
thrown [s\src\hotspot\share\classfile\systemDictionary.cpp, line 256]

VM Operations (20 events):
Event: 157.873 Executing VM operation: HandshakeAllThreads done
Event: 157.977 Executing VM operation: HandshakeAllThreads
Event: 157.977 Executing VM operation: HandshakeAllThreads done
Event: 158.803 Executing VM operation: G1CollectForAllocation
Event: 158.814 Executing VM operation: G1CollectForAllocation done
Event: 159.025 Executing VM operation: HandshakeAllThreads
Event: 159.026 Executing VM operation: HandshakeAllThreads done
Event: 159.841 Executing VM operation: G1CollectForAllocation
Event: 159.853 Executing VM operation: G1CollectForAllocation done
Event: 160.023 Executing VM operation: HandshakeAllThreads
Event: 160.024 Executing VM operation: HandshakeAllThreads done
Event: 160.071 Executing VM operation: HandshakeAllThreads
Event: 160.071 Executing VM operation: HandshakeAllThreads done
Event: 160.592 Executing VM operation: HandshakeAllThreads
Event: 160.592 Executing VM operation: HandshakeAllThreads done
Event: 161.546 Executing VM operation: G1CollectForAllocation
Event: 161.560 Executing VM operation: G1CollectForAllocation done
Event: 162.493 Executing VM operation: G1CollectForAllocation
Event: 162.511 Executing VM operation: G1CollectForAllocation done
Event: 162.912 Executing VM operation: G1PauseRemark

Memory protections (0 events):
No events

Nmethod flushes (20 events):
Event: 159.054 Thread 0x000002ef4e0f2640 flushing  nmethod 0x000002ef39755d10
Event: 159.054 Thread 0x000002ef4e0f2640 flushing  nmethod 0x000002ef39758510
Event: 159.054 Thread 0x000002ef4e0f2640 flushing osr nmethod 0x000002ef3975a190
Event: 159.054 Thread 0x000002ef4e0f2640 flushing  nmethod 0x000002ef3975ae90
Event: 159.054 Thread 0x000002ef4e0f2640 flushing  nmethod 0x000002ef3975c310
Event: 159.054 Thread 0x000002ef4e0f2640 flushing  nmethod 0x000002ef3975c890
Event: 159.054 Thread 0x000002ef4e0f2640 flushing  nmethod 0x000002ef3975f890
Event: 159.054 Thread 0x000002ef4e0f2640 flushing  nmethod 0x000002ef39764710
Event: 159.054 Thread 0x000002ef4e0f2640 flushing  nmethod 0x000002ef3976ac90
Event: 159.054 Thread 0x000002ef4e0f2640 flushing  nmethod 0x000002ef3976b010
Event: 159.054 Thread 0x000002ef4e0f2640 flushing  nmethod 0x000002ef39775c10
Event: 159.054 Thread 0x000002ef4e0f2640 flushing  nmethod 0x000002ef39778410
Event: 159.054 Thread 0x000002ef4e0f2640 flushing  nmethod 0x000002ef3978ab90
Event: 159.054 Thread 0x000002ef4e0f2640 flushing  nmethod 0x000002ef3978b310
Event: 159.054 Thread 0x000002ef4e0f2640 flushing  nmethod 0x000002ef39805710
Event: 159.055 Thread 0x000002ef4e0f2640 flushing  nmethod 0x000002ef39823c10
Event: 159.055 Thread 0x000002ef4e0f2640 flushing osr nmethod 0x000002ef39888910
Event: 159.055 Thread 0x000002ef4e0f2640 flushing  nmethod 0x000002ef39899790
Event: 159.055 Thread 0x000002ef4e0f2640 flushing  nmethod 0x000002ef3990e910
Event: 159.056 Thread 0x000002ef4e0f2640 flushing  nmethod 0x000002ef3993ae10

Events (20 events):
Event: 109.095 Thread 0x000002ef708037d0 Thread exited: 0x000002ef708037d0
Event: 109.183 Thread 0x000002ef7080a220 Thread exited: 0x000002ef7080a220
Event: 109.281 Thread 0x000002ef708041f0 Thread exited: 0x000002ef708041f0
Event: 112.166 Thread 0x000002ef70804700 Thread exited: 0x000002ef70804700
Event: 112.208 Thread 0x000002ef70807490 Thread exited: 0x000002ef70807490
Event: 122.976 Thread 0x000002ef70671980 Thread exited: 0x000002ef70671980
Event: 122.976 Thread 0x000002ef6ec5a2e0 Thread exited: 0x000002ef6ec5a2e0
Event: 122.977 Thread 0x000002ef6ec593b0 Thread exited: 0x000002ef6ec593b0
Event: 126.265 Thread 0x000002ef4ea7a7c0 Thread added: 0x000002ef72ab6f90
Event: 126.265 Thread 0x000002ef4ea7a7c0 Thread added: 0x000002ef72ab1e90
Event: 126.266 Thread 0x000002ef4ea7a7c0 Thread added: 0x000002ef72ab4710
Event: 126.279 Thread 0x000002ef708083c0 Thread added: 0x000002ef72ab4c20
Event: 130.772 Thread 0x000002ef4ea7a7c0 Thread added: 0x000002ef72ab74a0
Event: 130.822 Thread 0x000002ef4ea7a7c0 Thread added: 0x000002ef72ab5130
Event: 130.843 Thread 0x000002ef72ab5130 Thread added: 0x000002ef72ab0030
Event: 130.843 Thread 0x000002ef72ab5130 Thread added: 0x000002ef72ab6060
Event: 132.165 Thread 0x000002ef4ea7a7c0 Thread added: 0x000002ef72ab0540
Event: 135.712 Thread 0x000002ef6ec56110 Thread added: 0x000002ef72ab6570
Event: 135.731 Thread 0x000002ef6ec56110 Thread added: 0x000002ef72ab79b0
Event: 142.176 Thread 0x000002ef4ea7a7c0 Thread added: 0x000002ef72ab3cf0


Dynamic libraries:
0x00007ff696f90000 - 0x00007ff696f9e000 	C:\Program Files\OpenLogic\jdk-17.0.13.11-hotspot\bin\java.exe
0x00007ffee3b90000 - 0x00007ffee3d88000 	C:\Windows\SYSTEM32\ntdll.dll
0x00007ffee3440000 - 0x00007ffee3502000 	C:\Windows\System32\KERNEL32.DLL
0x00007ffee15d0000 - 0x00007ffee18c7000 	C:\Windows\System32\KERNELBASE.dll
0x00007ffee13b0000 - 0x00007ffee14b0000 	C:\Windows\System32\ucrtbase.dll
0x00007ffecd5b0000 - 0x00007ffecd5cb000 	C:\Program Files\OpenLogic\jdk-17.0.13.11-hotspot\bin\VCRUNTIME140.dll
0x00007ffecd240000 - 0x00007ffecd257000 	C:\Program Files\OpenLogic\jdk-17.0.13.11-hotspot\bin\jli.dll
0x00007ffee2370000 - 0x00007ffee250d000 	C:\Windows\System32\USER32.dll
0x00007ffee14b0000 - 0x00007ffee14d2000 	C:\Windows\System32\win32u.dll
0x00007ffee22a0000 - 0x00007ffee22cb000 	C:\Windows\System32\GDI32.dll
0x00007ffee18d0000 - 0x00007ffee19e9000 	C:\Windows\System32\gdi32full.dll
0x00007ffee14e0000 - 0x00007ffee157d000 	C:\Windows\System32\msvcp_win.dll
0x00007ffecd780000 - 0x00007ffecda1a000 	C:\Windows\WinSxS\amd64_microsoft.windows.common-controls_6595b64144ccf1df_6.0.19041.5915_none_60b4b9d171f9c7c7\COMCTL32.dll
0x00007ffee3510000 - 0x00007ffee35ae000 	C:\Windows\System32\msvcrt.dll
0x00007ffee2340000 - 0x00007ffee236f000 	C:\Windows\System32\IMM32.DLL
0x00007ffed1fc0000 - 0x00007ffed1fcc000 	C:\Program Files\OpenLogic\jdk-17.0.13.11-hotspot\bin\vcruntime140_1.dll
0x00007ffeaf090000 - 0x00007ffeaf11d000 	C:\Program Files\OpenLogic\jdk-17.0.13.11-hotspot\bin\msvcp140.dll
0x00007ffe952a0000 - 0x00007ffe95f0c000 	C:\Program Files\OpenLogic\jdk-17.0.13.11-hotspot\bin\server\jvm.dll
0x00007ffee3260000 - 0x00007ffee3311000 	C:\Windows\System32\ADVAPI32.dll
0x00007ffee3320000 - 0x00007ffee33bf000 	C:\Windows\System32\sechost.dll
0x00007ffee38a0000 - 0x00007ffee39c6000 	C:\Windows\System32\RPCRT4.dll
0x00007ffee1220000 - 0x00007ffee1247000 	C:\Windows\System32\bcrypt.dll
0x00007ffee3ae0000 - 0x00007ffee3b4b000 	C:\Windows\System32\WS2_32.dll
0x00007ffee1080000 - 0x00007ffee10cb000 	C:\Windows\SYSTEM32\POWRPROF.dll
0x00007ffecb800000 - 0x00007ffecb827000 	C:\Windows\SYSTEM32\WINMM.dll
0x00007ffed9480000 - 0x00007ffed948a000 	C:\Windows\SYSTEM32\VERSION.dll
0x00007ffee1060000 - 0x00007ffee1072000 	C:\Windows\SYSTEM32\UMPDC.dll
0x00007ffedf060000 - 0x00007ffedf072000 	C:\Windows\SYSTEM32\kernel.appcore.dll
0x00007ffed1130000 - 0x00007ffed113a000 	C:\Program Files\OpenLogic\jdk-17.0.13.11-hotspot\bin\jimage.dll
0x00007ffeca3b0000 - 0x00007ffeca5b1000 	C:\Windows\SYSTEM32\DBGHELP.DLL
0x00007ffec8860000 - 0x00007ffec8894000 	C:\Windows\SYSTEM32\dbgcore.DLL
0x00007ffee1a70000 - 0x00007ffee1af2000 	C:\Windows\System32\bcryptPrimitives.dll
0x00007ffec9f00000 - 0x00007ffec9f0e000 	C:\Program Files\OpenLogic\jdk-17.0.13.11-hotspot\bin\instrument.dll
0x00007ffebbd10000 - 0x00007ffebbd35000 	C:\Program Files\OpenLogic\jdk-17.0.13.11-hotspot\bin\java.dll
0x00007ffeae7c0000 - 0x00007ffeae896000 	C:\Program Files\OpenLogic\jdk-17.0.13.11-hotspot\bin\jsvml.dll
0x00007ffee2680000 - 0x00007ffee2dee000 	C:\Windows\System32\SHELL32.dll
0x00007ffedf260000 - 0x00007ffedfa04000 	C:\Windows\SYSTEM32\windows.storage.dll
0x00007ffee1c30000 - 0x00007ffee1f83000 	C:\Windows\System32\combase.dll
0x00007ffee0aa0000 - 0x00007ffee0acb000 	C:\Windows\SYSTEM32\Wldp.dll
0x00007ffee21c0000 - 0x00007ffee228d000 	C:\Windows\System32\OLEAUT32.dll
0x00007ffee20b0000 - 0x00007ffee215d000 	C:\Windows\System32\SHCORE.dll
0x00007ffee22d0000 - 0x00007ffee232b000 	C:\Windows\System32\shlwapi.dll
0x00007ffee1150000 - 0x00007ffee1174000 	C:\Windows\SYSTEM32\profapi.dll
0x00007ffebc530000 - 0x00007ffebc548000 	C:\Program Files\OpenLogic\jdk-17.0.13.11-hotspot\bin\zip.dll
0x00007ffec3530000 - 0x00007ffec3549000 	C:\Program Files\OpenLogic\jdk-17.0.13.11-hotspot\bin\net.dll
0x00007ffed69e0000 - 0x00007ffed6aea000 	C:\Windows\SYSTEM32\WINHTTP.dll
0x00007ffee0880000 - 0x00007ffee08ea000 	C:\Windows\system32\mswsock.dll
0x00007ffec32d0000 - 0x00007ffec32e6000 	C:\Program Files\OpenLogic\jdk-17.0.13.11-hotspot\bin\nio.dll
0x00007ffecd620000 - 0x00007ffecd630000 	C:\Program Files\OpenLogic\jdk-17.0.13.11-hotspot\bin\verify.dll
0x00007ffecf930000 - 0x00007ffecf957000 	C:\Users\jayku\.gradle\native\1def1411415f61bf3af743bc5b6707747c0891f09f0c88961ee8f79bc544acac\windows-amd64\native-platform.dll
0x00007ffeaf010000 - 0x00007ffeaf088000 	C:\Users\jayku\.gradle\native\0.2.7\x86_64-windows-gnu\gradle-fileevents.dll
0x00007ffecd5a0000 - 0x00007ffecd5a9000 	C:\Program Files\OpenLogic\jdk-17.0.13.11-hotspot\bin\management.dll
0x00007ffecd070000 - 0x00007ffecd07b000 	C:\Program Files\OpenLogic\jdk-17.0.13.11-hotspot\bin\management_ext.dll
0x00007ffee35b0000 - 0x00007ffee35b8000 	C:\Windows\System32\PSAPI.DLL
0x00007ffee0580000 - 0x00007ffee05bb000 	C:\Windows\SYSTEM32\IPHLPAPI.DLL
0x00007ffee2290000 - 0x00007ffee2298000 	C:\Windows\System32\NSI.dll
0x00007ffed7ce0000 - 0x00007ffed7cf7000 	C:\Windows\SYSTEM32\dhcpcsvc6.DLL
0x00007ffed7570000 - 0x00007ffed758d000 	C:\Windows\SYSTEM32\dhcpcsvc.DLL
0x00007ffee05c0000 - 0x00007ffee068a000 	C:\Windows\SYSTEM32\DNSAPI.dll
0x00007ffecc580000 - 0x00007ffecc588000 	C:\Program Files\OpenLogic\jdk-17.0.13.11-hotspot\bin\extnet.dll
0x00007ffee0ae0000 - 0x00007ffee0af8000 	C:\Windows\SYSTEM32\CRYPTSP.dll
0x00007ffee01c0000 - 0x00007ffee01f8000 	C:\Windows\system32\rsaenh.dll
0x00007ffee1110000 - 0x00007ffee113e000 	C:\Windows\SYSTEM32\USERENV.dll
0x00007ffee0a10000 - 0x00007ffee0a1c000 	C:\Windows\SYSTEM32\CRYPTBASE.dll
0x00007ffebc090000 - 0x00007ffebc09e000 	C:\Program Files\OpenLogic\jdk-17.0.13.11-hotspot\bin\sunmscapi.dll
0x00007ffee1250000 - 0x00007ffee13ad000 	C:\Windows\System32\CRYPT32.dll
0x00007ffee0bf0000 - 0x00007ffee0c17000 	C:\Windows\SYSTEM32\ncrypt.dll
0x00007ffee0bb0000 - 0x00007ffee0beb000 	C:\Windows\SYSTEM32\NTASN1.dll
0x00007ffeb83e0000 - 0x00007ffeb83e7000 	C:\Windows\system32\wshunix.dll
0x00007ffec2cc0000 - 0x00007ffec2cd7000 	C:\Windows\system32\napinsp.dll
0x00007ffec2ca0000 - 0x00007ffec2cbb000 	C:\Windows\system32\pnrpnsp.dll
0x00007ffedd350000 - 0x00007ffedd36d000 	C:\Windows\system32\wshbth.dll
0x00007ffedbf00000 - 0x00007ffedbf1d000 	C:\Windows\system32\NLAapi.dll
0x00007ffec2c80000 - 0x00007ffec2c92000 	C:\Windows\System32\winrnr.dll
0x00007ffeda030000 - 0x00007ffeda03a000 	C:\Windows\System32\rasadhlp.dll
0x00007ffed28e0000 - 0x00007ffed2960000 	C:\Windows\System32\fwpuclnt.dll

dbghelp: loaded successfully - version: 4.0.5 - missing functions: none
symbol engine: initialized successfully - sym options: 0x614 - pdb path: .;C:\Program Files\OpenLogic\jdk-17.0.13.11-hotspot\bin;C:\Windows\SYSTEM32;C:\Windows\WinSxS\amd64_microsoft.windows.common-controls_6595b64144ccf1df_6.0.19041.5915_none_60b4b9d171f9c7c7;C:\Program Files\OpenLogic\jdk-17.0.13.11-hotspot\bin\server;C:\Users\jayku\.gradle\native\1def1411415f61bf3af743bc5b6707747c0891f09f0c88961ee8f79bc544acac\windows-amd64;C:\Users\jayku\.gradle\native\0.2.7\x86_64-windows-gnu

VM Arguments:
jvm_args: --add-opens=java.base/java.lang=ALL-UNNAMED --add-opens=java.base/java.lang.invoke=ALL-UNNAMED --add-opens=java.base/java.util=ALL-UNNAMED --add-opens=java.prefs/java.util.prefs=ALL-UNNAMED --add-exports=jdk.compiler/com.sun.tools.javac.api=ALL-UNNAMED --add-exports=jdk.compiler/com.sun.tools.javac.util=ALL-UNNAMED --add-opens=java.base/java.util=ALL-UNNAMED --add-opens=java.prefs/java.util.prefs=ALL-UNNAMED --add-opens=java.base/java.nio.charset=ALL-UNNAMED --add-opens=java.base/java.net=ALL-UNNAMED --add-opens=java.base/java.util.concurrent.atomic=ALL-UNNAMED --add-opens=java.xml/javax.xml.namespace=ALL-UNNAMED -XX:MaxMetaspaceSize=512m -Xmx2048m -Dfile.encoding=windows-1252 -Duser.country=IN -Duser.language=en -Duser.variant -javaagent:C:\Users\jayku\.gradle\wrapper\dists\gradle-8.13-bin\5xuhj0ry160q40clulazy9h7d\gradle-8.13\lib\agents\gradle-instrumentation-agent-8.13.jar 
java_command: org.gradle.launcher.daemon.bootstrap.GradleDaemon 8.13
java_class_path (initial): C:\Users\jayku\.gradle\wrapper\dists\gradle-8.13-bin\5xuhj0ry160q40clulazy9h7d\gradle-8.13\lib\gradle-daemon-main-8.13.jar
Launcher Type: SUN_STANDARD

[Global flags]
     intx CICompilerCount                          = 3                                         {product} {ergonomic}
   size_t CompressedClassSpaceSize                 = 436207616                                 {product} {ergonomic}
     uint ConcGCThreads                            = 1                                         {product} {ergonomic}
     uint G1ConcRefinementThreads                  = 4                                         {product} {ergonomic}
   size_t G1HeapRegionSize                         = 1048576                                   {product} {ergonomic}
    uintx GCDrainStackTargetSize                   = 64                                        {product} {ergonomic}
   size_t InitialHeapSize                          = 134217728                                 {product} {ergonomic}
   size_t MarkStackSize                            = 4194304                                   {product} {ergonomic}
   size_t MaxHeapSize                              = 2147483648                                {product} {command line}
   size_t MaxMetaspaceSize                         = 536870912                                 {product} {command line}
   size_t MaxNewSize                               = 1287651328                                {product} {ergonomic}
   size_t MinHeapDeltaBytes                        = 1048576                                   {product} {ergonomic}
   size_t MinHeapSize                              = 8388608                                   {product} {ergonomic}
    uintx NonNMethodCodeHeapSize                   = 5832780                                {pd product} {ergonomic}
    uintx NonProfiledCodeHeapSize                  = 122912730                              {pd product} {ergonomic}
    uintx ProfiledCodeHeapSize                     = 122912730                              {pd product} {ergonomic}
    uintx ReservedCodeCacheSize                    = 251658240                              {pd product} {ergonomic}
     bool SegmentedCodeCache                       = true                                      {product} {ergonomic}
   size_t SoftMaxHeapSize                          = 2147483648                             {manageable} {ergonomic}
     bool UseCompressedClassPointers               = true                           {product lp64_product} {ergonomic}
     bool UseCompressedOops                        = true                           {product lp64_product} {ergonomic}
     bool UseG1GC                                  = true                                      {product} {ergonomic}
     bool UseLargePagesIndividualAllocation        = false                                  {pd product} {ergonomic}

Logging:
Log output configuration:
 #0: stdout all=warning uptime,level,tags
 #1: stderr all=off uptime,level,tags

Environment Variables:
CLASSPATH=F:\androidProject\current-news\android\\gradle\wrapper\gradle-wrapper.jar
PATH=c:\Users\jayku\AppData\Local\Programs\cursor\resources\app\bin;C:\Python312\Scripts\;C:\Python312\;C:\Program Files\OpenLogic\jdk-17.0.13.11-hotspot\bin;C:\Program Files\Eclipse Adoptium\jdk-21.0.3.9-hotspot\bin;C:\Program Files\Common Files\Oracle\Java\javapath;C:\Windows\system32;C:\Windows;C:\Windows\System32\Wbem;C:\Windows\System32\WindowsPowerShell\v1.0\;C:\Windows\System32\OpenSSH\;C:\ProgramData\chocolatey\bin;C:\Program Files\MySQL\MySQL Server 8.0\bin;C:\Program Files\Intel\WiFi\bin\;C:\Program Files\Common Files\Intel\WirelessCommon\;C:\MinGW\bin;C:\Program Files\Java\jdk-22\bin;C:\Program Files\Git\bin;C:\Program Files\Git\cmd;C:\Program Files\Android\Android Studio\bin;C:\Program Files\MySQL\MySQL Shell 8.0\bin\;C:\Users\jayku\AppData\Local\Microsoft\WindowsApps;C:\Users\jayku\AppData\Roaming\npm;C:\Users\jayku\AppData\Local\Programs\mongosh\;C:\Program Files\JetBrains\IntelliJ IDEA Community Edition 2024.1.3\bin;C:\Program Files\JetBrains\PyCharm Community Edition 2024.1.4\bin;C:\Program Files\J;C:\Program Files\Docker\Docker\resources\bin;C:\Program Files\dotnet\;C:\Program Files\GitHub CLI\;C:\ProgramData\chocolatey\lib\maven\apache-maven-3.9.9\bin;C:\Python312\Scripts\;C:\Python312\;C:\Program Files\OpenLogic\jdk-17.0.13.11-hotspot\bin;C:\Program Files\Eclipse Adoptium\jdk-21.0.3.9-hotspot\bin;C:\Program Files\Common Files\Oracle\Java\javapath;C:\Windows\system32;C:\Windows;C:\Windows\System32\Wbem;C:\Windows\System32\WindowsPowerShell\v1.0\;C:\Windows\System32\OpenSSH\;C:\ProgramData\chocolatey\bin;C:\Program Files\MySQL\MySQL Server 8.0\bin;C:\Program Files\Intel\WiFi\bin\;C:\Program Files\Common Files\Intel\WirelessCommon\;C:\MinGW\bin;C:\Program Files\Java\jdk-22\bin;C:\Program Files\Git\bin;C:\Program Files\Git\cmd;C:\Program Files\Android\Android Studio\bin;C:\Program Files\MySQL\MySQL Shell 8.0\bin\;C:\Users\jayku\AppData\Local\Microsoft\WindowsApps;C:\Users\jayku\AppData\Roaming\npm;C:\Users\jayku\AppData\Local\Programs\mongosh\;C:\Program
USERNAME=jayku
LANG=en_US.UTF-8
OS=Windows_NT
PROCESSOR_IDENTIFIER=Intel64 Family 6 Model 78 Stepping 3, GenuineIntel
TMP=C:\Users\jayku\AppData\Local\Temp
TEMP=C:\Users\jayku\AppData\Local\Temp



Periodic native trim disabled


---------------  S Y S T E M  ---------------

OS:
 Windows 10 , 64 bit Build 19041 (10.0.19041.5915)
OS uptime: 1 days 12:47 hours
Hyper-V role detected

CPU: total 4 (initial active 4) (2 cores per cpu, 2 threads per core) family 6 model 78 stepping 3 microcode 0xdc, cx8, cmov, fxsr, ht, mmx, 3dnowpref, sse, sse2, sse3, ssse3, sse4.1, sse4.2, popcnt, lzcnt, tsc, tscinvbit, avx, avx2, aes, erms, clmul, bmi1, bmi2, adx, fma, vzeroupper, clflush, clflushopt, hv
Processor Information for all 4 processors :
  Max Mhz: 2401, Current Mhz: 2401, Mhz Limit: 2401

Memory: 4k page, system-wide physical 8067M (316M free)
TotalPageFile size 32643M (AvailPageFile size 26M)
current process WorkingSet (physical memory assigned to process): 439M, peak: 472M
current process commit charge ("private bytes"): 536M, peak: 597M

vm_info: OpenJDK 64-Bit Server VM (17.0.13+11-adhoc..jdk17u) for windows-amd64 JRE (17.0.13+11-adhoc..jdk17u), built on Oct 18 2024 01:05:13 by "" with MS VC++ 16.10 / 16.11 (VS2019)

END.
